2018-02-23 15:43:00.318  INFO [productos,,,] 12535 --- [main] c.c.c.ConfigServicePropertySourceLocator : Fetching config from server at: http://192.168.67.76:8888
2018-02-23 15:43:03.248  INFO [productos,,,] 12535 --- [main] c.c.c.ConfigServicePropertySourceLocator : Located environment: name=productos, profiles=[default], label=null, version=0d5e0e4697f5f797d4fa520525db172b4ca87765, state=null
2018-02-23 15:43:03.249  INFO [productos,,,] 12535 --- [main] b.c.PropertySourceBootstrapConfiguration : Located property source: CompositePropertySource [name='configService', propertySources=[MapPropertySource {name='configClient'}, MapPropertySource {name='https://github.com/informacity/lacasolana-git-config-server/productos.yml'}]]
2018-02-23 15:43:03.395  INFO [productos,,,] 12535 --- [main] p.c.l.p.ProductosLacasolanaApplication   : No active profile set, falling back to default profiles: default
2018-02-23 15:43:03.423  INFO [productos,,,] 12535 --- [main] ationConfigEmbeddedWebApplicationContext : Refreshing org.springframework.boot.context.embedded.AnnotationConfigEmbeddedWebApplicationContext@40e10ff8: startup date [Fri Feb 23 15:43:03 PYST 2018]; parent: org.springframework.context.annotation.AnnotationConfigApplicationContext@3d1cfad4
2018-02-23 15:43:05.943  INFO [productos,,,] 12535 --- [main] o.s.cloud.context.scope.GenericScope     : BeanFactory id=45c42139-f104-3858-a0d6-419d68283af1
2018-02-23 15:43:05.980  INFO [productos,,,] 12535 --- [main] f.a.AutowiredAnnotationBeanPostProcessor : JSR-330 'javax.inject.Inject' annotation found and supported for autowiring
2018-02-23 15:43:06.233  INFO [productos,,,] 12535 --- [main] trationDelegate$BeanPostProcessorChecker : Bean 'org.springframework.cloud.sleuth.annotation.SleuthAnnotationAutoConfiguration' of type [org.springframework.cloud.sleuth.annotation.SleuthAnnotationAutoConfiguration$$EnhancerBySpringCGLIB$$16cb167c] is not eligible for getting processed by all BeanPostProcessors (for example: not eligible for auto-proxying)
2018-02-23 15:43:06.625  INFO [productos,,,] 12535 --- [main] trationDelegate$BeanPostProcessorChecker : Bean 'sleuthAdvisorConfig' of type [org.springframework.cloud.sleuth.annotation.SleuthAdvisorConfig] is not eligible for getting processed by all BeanPostProcessors (for example: not eligible for auto-proxying)
2018-02-23 15:43:06.640  INFO [productos,,,] 12535 --- [main] trationDelegate$BeanPostProcessorChecker : Bean 'org.springframework.transaction.annotation.ProxyTransactionManagementConfiguration' of type [org.springframework.transaction.annotation.ProxyTransactionManagementConfiguration$$EnhancerBySpringCGLIB$$1465d04a] is not eligible for getting processed by all BeanPostProcessors (for example: not eligible for auto-proxying)
2018-02-23 15:43:06.762  INFO [productos,,,] 12535 --- [main] trationDelegate$BeanPostProcessorChecker : Bean 'org.springframework.cloud.autoconfigure.ConfigurationPropertiesRebinderAutoConfiguration' of type [org.springframework.cloud.autoconfigure.ConfigurationPropertiesRebinderAutoConfiguration$$EnhancerBySpringCGLIB$$307fd347] is not eligible for getting processed by all BeanPostProcessors (for example: not eligible for auto-proxying)
2018-02-23 15:43:06.791  INFO [productos,,,] 12535 --- [main] trationDelegate$BeanPostProcessorChecker : Bean 'org.springframework.cloud.sleuth.instrument.web.client.feign.TraceFeignClientAutoConfiguration$FeignBeanPostProcessorConfiguration' of type [org.springframework.cloud.sleuth.instrument.web.client.feign.TraceFeignClientAutoConfiguration$FeignBeanPostProcessorConfiguration$$EnhancerBySpringCGLIB$$53f7a910] is not eligible for getting processed by all BeanPostProcessors (for example: not eligible for auto-proxying)
2018-02-23 15:43:06.821  INFO [productos,,,] 12535 --- [main] trationDelegate$BeanPostProcessorChecker : Bean 'org.springframework.cloud.sleuth.instrument.async.AsyncDefaultAutoConfiguration' of type [org.springframework.cloud.sleuth.instrument.async.AsyncDefaultAutoConfiguration$$EnhancerBySpringCGLIB$$fc497c69] is not eligible for getting processed by all BeanPostProcessors (for example: not eligible for auto-proxying)
2018-02-23 15:43:06.852  INFO [productos,,,] 12535 --- [main] trationDelegate$BeanPostProcessorChecker : Bean 'org.springframework.cloud.sleuth.instrument.web.client.TraceWebClientAutoConfiguration' of type [org.springframework.cloud.sleuth.instrument.web.client.TraceWebClientAutoConfiguration$$EnhancerBySpringCGLIB$$c0f89bc9] is not eligible for getting processed by all BeanPostProcessors (for example: not eligible for auto-proxying)
2018-02-23 15:43:07.776  INFO [productos,,,] 12535 --- [main] s.b.c.e.t.TomcatEmbeddedServletContainer : Tomcat initialized with port(s): 9193 (http)
2018-02-23 15:43:07.807  INFO [productos,,,] 12535 --- [main] o.apache.catalina.core.StandardService   : Starting service [Tomcat]
2018-02-23 15:43:07.809  INFO [productos,,,] 12535 --- [main] org.apache.catalina.core.StandardEngine  : Starting Servlet Engine: Apache Tomcat/8.5.23
2018-02-23 15:43:08.119  INFO [productos,,,] 12535 --- [localhost-startStop-1] o.a.c.c.C.[.[.[/productos-lacasolana]    : Initializing Spring embedded WebApplicationContext
2018-02-23 15:43:08.120  INFO [productos,,,] 12535 --- [localhost-startStop-1] o.s.web.context.ContextLoader            : Root WebApplicationContext: initialization completed in 4697 ms
2018-02-23 15:43:08.658  INFO [productos,,,] 12535 --- [localhost-startStop-1] o.s.b.w.servlet.FilterRegistrationBean   : Mapping filter: 'characterEncodingFilter' to: [/*]
2018-02-23 15:43:08.680  INFO [productos,,,] 12535 --- [localhost-startStop-1] o.s.b.w.servlet.FilterRegistrationBean   : Mapping filter: 'traceFilter' to: [/*]
2018-02-23 15:43:08.681  INFO [productos,,,] 12535 --- [localhost-startStop-1] o.s.b.w.servlet.FilterRegistrationBean   : Mapping filter: 'hiddenHttpMethodFilter' to: [/*]
2018-02-23 15:43:08.681  INFO [productos,,,] 12535 --- [localhost-startStop-1] o.s.b.w.servlet.FilterRegistrationBean   : Mapping filter: 'httpPutFormContentFilter' to: [/*]
2018-02-23 15:43:08.682  INFO [productos,,,] 12535 --- [localhost-startStop-1] o.s.b.w.servlet.FilterRegistrationBean   : Mapping filter: 'requestContextFilter' to: [/*]
2018-02-23 15:43:08.683  INFO [productos,,,] 12535 --- [localhost-startStop-1] .s.DelegatingFilterProxyRegistrationBean : Mapping filter: 'springSecurityFilterChain' to: [/*]
2018-02-23 15:43:08.684  INFO [productos,,,] 12535 --- [localhost-startStop-1] o.s.b.w.servlet.ServletRegistrationBean  : Mapping servlet: 'dispatcherServlet' to [/]
2018-02-23 15:43:10.295  INFO [productos,,,] 12535 --- [main] s.w.s.m.m.a.RequestMappingHandlerMapping : Mapped "{[/productos],methods=[POST],produces=[application/json]}" onto public py.com.lacasolana.bean.beans.Producto py.com.lacasolana.productos.controller.ProductosAPI.registrarProducto(java.lang.String,java.math.BigDecimal,py.com.lacasolana.bean.enums.TipoProducto,java.lang.String) throws py.com.lacasolana.bean.exception.APIException
2018-02-23 15:43:10.298  INFO [productos,,,] 12535 --- [main] s.w.s.m.m.a.RequestMappingHandlerMapping : Mapped "{[/productos],methods=[PUT],produces=[application/json]}" onto public py.com.lacasolana.bean.beans.Producto py.com.lacasolana.productos.controller.ProductosAPI.actualizarProducto(java.lang.String,java.math.BigDecimal,py.com.lacasolana.bean.enums.TipoProducto,java.lang.String,java.lang.Integer) throws py.com.lacasolana.bean.exception.APIException
2018-02-23 15:43:10.308  INFO [productos,,,] 12535 --- [main] s.w.s.m.m.a.RequestMappingHandlerMapping : Mapped "{[/productos],methods=[GET],produces=[application/json]}" onto public java.util.List<py.com.lacasolana.bean.beans.Producto> py.com.lacasolana.productos.controller.ProductosAPI.buscarProductos(java.lang.String,py.com.lacasolana.bean.enums.Estado) throws py.com.lacasolana.bean.exception.APIException
2018-02-23 15:43:10.308  INFO [productos,,,] 12535 --- [main] s.w.s.m.m.a.RequestMappingHandlerMapping : Mapped "{[/productos/{id-producto}],methods=[GET],produces=[application/json]}" onto public py.com.lacasolana.bean.beans.Producto py.com.lacasolana.productos.controller.ProductosAPI.obtenetProductoPorId(java.lang.Integer) throws py.com.lacasolana.bean.exception.APIException
2018-02-23 15:43:10.317  INFO [productos,,,] 12535 --- [main] s.w.s.m.m.a.RequestMappingHandlerMapping : Mapped "{[/swagger-resources/configuration/ui]}" onto public org.springframework.http.ResponseEntity<springfox.documentation.swagger.web.UiConfiguration> springfox.documentation.swagger.web.ApiResourceController.uiConfiguration()
2018-02-23 15:43:10.319  INFO [productos,,,] 12535 --- [main] s.w.s.m.m.a.RequestMappingHandlerMapping : Mapped "{[/swagger-resources/configuration/security]}" onto public org.springframework.http.ResponseEntity<springfox.documentation.swagger.web.SecurityConfiguration> springfox.documentation.swagger.web.ApiResourceController.securityConfiguration()
2018-02-23 15:43:10.321  INFO [productos,,,] 12535 --- [main] s.w.s.m.m.a.RequestMappingHandlerMapping : Mapped "{[/swagger-resources]}" onto public org.springframework.http.ResponseEntity<java.util.List<springfox.documentation.swagger.web.SwaggerResource>> springfox.documentation.swagger.web.ApiResourceController.swaggerResources()
2018-02-23 15:43:10.326  INFO [productos,,,] 12535 --- [main] s.w.s.m.m.a.RequestMappingHandlerMapping : Mapped "{[/error],produces=[text/html]}" onto public org.springframework.web.servlet.ModelAndView org.springframework.boot.autoconfigure.web.BasicErrorController.errorHtml(javax.servlet.http.HttpServletRequest,javax.servlet.http.HttpServletResponse)
2018-02-23 15:43:10.328  INFO [productos,,,] 12535 --- [main] s.w.s.m.m.a.RequestMappingHandlerMapping : Mapped "{[/error]}" onto public org.springframework.http.ResponseEntity<java.util.Map<java.lang.String, java.lang.Object>> org.springframework.boot.autoconfigure.web.BasicErrorController.error(javax.servlet.http.HttpServletRequest)
2018-02-23 15:43:10.723  INFO [productos,,,] 12535 --- [main] pertySourcedRequestMappingHandlerMapping : Mapped URL path [/v2/api-docs] onto method [public org.springframework.http.ResponseEntity<springfox.documentation.spring.web.json.Json> springfox.documentation.swagger2.web.Swagger2Controller.getDocumentation(java.lang.String,javax.servlet.http.HttpServletRequest)]
2018-02-23 15:43:11.072  WARN [productos,,,] 12535 --- [main] c.n.c.sources.URLConfigurationSource     : No URLs will be polled as dynamic configuration sources.
2018-02-23 15:43:11.072  INFO [productos,,,] 12535 --- [main] c.n.c.sources.URLConfigurationSource     : To enable URLs as dynamic configuration sources, define System property archaius.configurationSource.additionalUrls or make config.properties available on classpath.
2018-02-23 15:43:11.081  WARN [productos,,,] 12535 --- [main] c.n.c.sources.URLConfigurationSource     : No URLs will be polled as dynamic configuration sources.
2018-02-23 15:43:11.081  INFO [productos,,,] 12535 --- [main] c.n.c.sources.URLConfigurationSource     : To enable URLs as dynamic configuration sources, define System property archaius.configurationSource.additionalUrls or make config.properties available on classpath.
2018-02-23 15:43:11.474  INFO [productos,,,] 12535 --- [main] s.w.s.m.m.a.RequestMappingHandlerAdapter : Looking for @ControllerAdvice: org.springframework.boot.context.embedded.AnnotationConfigEmbeddedWebApplicationContext@40e10ff8: startup date [Fri Feb 23 15:43:03 PYST 2018]; parent: org.springframework.context.annotation.AnnotationConfigApplicationContext@3d1cfad4
2018-02-23 15:43:11.705  INFO [productos,,,] 12535 --- [main] o.s.w.s.handler.SimpleUrlHandlerMapping  : Mapped URL path [/webjars/**] onto handler of type [class org.springframework.web.servlet.resource.ResourceHttpRequestHandler]
2018-02-23 15:43:11.705  INFO [productos,,,] 12535 --- [main] o.s.w.s.handler.SimpleUrlHandlerMapping  : Mapped URL path [/**] onto handler of type [class org.springframework.web.servlet.resource.ResourceHttpRequestHandler]
2018-02-23 15:43:11.774  INFO [productos,,,] 12535 --- [main] .m.m.a.ExceptionHandlerExceptionResolver : Detected @ExceptionHandler methods in handlerException
2018-02-23 15:43:11.858  INFO [productos,,,] 12535 --- [main] o.s.w.s.handler.SimpleUrlHandlerMapping  : Mapped URL path [/**/favicon.ico] onto handler of type [class org.springframework.web.servlet.resource.ResourceHttpRequestHandler]
2018-02-23 15:43:12.948  INFO [productos,,,] 12535 --- [main] o.s.s.web.DefaultSecurityFilterChain     : Creating filter chain: OrRequestMatcher [requestMatchers=[Ant [pattern='/css/**'], Ant [pattern='/js/**'], Ant [pattern='/images/**'], Ant [pattern='/webjars/**'], Ant [pattern='/**/favicon.ico'], Ant [pattern='/error']]], []
2018-02-23 15:43:13.226  INFO [productos,,,] 12535 --- [main] o.s.s.web.DefaultSecurityFilterChain     : Creating filter chain: OrRequestMatcher [requestMatchers=[Ant [pattern='/**']]], [org.springframework.security.web.context.request.async.WebAsyncManagerIntegrationFilter@42cfd794, org.springframework.security.web.context.SecurityContextPersistenceFilter@6fe5da76, org.springframework.security.web.header.HeaderWriterFilter@4bff28e7, org.springframework.security.web.authentication.logout.LogoutFilter@28dacf31, org.springframework.security.web.authentication.www.BasicAuthenticationFilter@43b4ec0c, org.springframework.security.web.savedrequest.RequestCacheAwareFilter@af9dd34, org.springframework.security.web.servletapi.SecurityContextHolderAwareRequestFilter@7c9ea1d0, org.springframework.security.web.authentication.AnonymousAuthenticationFilter@43778371, org.springframework.security.web.session.SessionManagementFilter@ba0018e, org.springframework.security.web.access.ExceptionTranslationFilter@4a0c3aa8, org.springframework.security.web.access.intercept.FilterSecurityInterceptor@24de63b]
2018-02-23 15:43:14.650  INFO [productos,,,] 12535 --- [main] o.s.s.c.ThreadPoolTaskScheduler          : Initializing ExecutorService 
2018-02-23 15:43:14.710  WARN [productos,,,] 12535 --- [main] arterDeprecationWarningAutoConfiguration : spring-cloud-starter-eureka is deprecated as of Spring Cloud Netflix 1.4.0, please migrate to spring-cloud-starter-netflix-eureka
2018-02-23 15:43:14.877  INFO [productos,,,] 12535 --- [main] o.s.j.e.a.AnnotationMBeanExporter        : Registering beans for JMX exposure on startup
2018-02-23 15:43:14.903  INFO [productos,,,] 12535 --- [main] o.s.j.e.a.AnnotationMBeanExporter        : Bean with name 'environmentManager' has been autodetected for JMX exposure
2018-02-23 15:43:14.908  INFO [productos,,,] 12535 --- [main] o.s.j.e.a.AnnotationMBeanExporter        : Bean with name 'configurationPropertiesRebinder' has been autodetected for JMX exposure
2018-02-23 15:43:14.912  INFO [productos,,,] 12535 --- [main] o.s.j.e.a.AnnotationMBeanExporter        : Bean with name 'refreshScope' has been autodetected for JMX exposure
2018-02-23 15:43:14.918  INFO [productos,,,] 12535 --- [main] o.s.j.e.a.AnnotationMBeanExporter        : Located managed bean 'environmentManager': registering with JMX server as MBean [org.springframework.cloud.context.environment:name=environmentManager,type=EnvironmentManager]
2018-02-23 15:43:14.939  INFO [productos,,,] 12535 --- [main] o.s.j.e.a.AnnotationMBeanExporter        : Located managed bean 'refreshScope': registering with JMX server as MBean [org.springframework.cloud.context.scope.refresh:name=refreshScope,type=RefreshScope]
2018-02-23 15:43:14.957  INFO [productos,,,] 12535 --- [main] o.s.j.e.a.AnnotationMBeanExporter        : Located managed bean 'configurationPropertiesRebinder': registering with JMX server as MBean [org.springframework.cloud.context.properties:name=configurationPropertiesRebinder,context=40e10ff8,type=ConfigurationPropertiesRebinder]
2018-02-23 15:43:15.289  INFO [productos,,,] 12535 --- [main] o.s.c.support.DefaultLifecycleProcessor  : Starting beans in phase 0
2018-02-23 15:43:15.303  INFO [productos,,,] 12535 --- [main] o.s.c.n.eureka.InstanceInfoFactory       : Setting initial instance status as: STARTING
2018-02-23 15:43:15.384  INFO [productos,,,] 12535 --- [main] com.netflix.discovery.DiscoveryClient    : Initializing Eureka in region us-east-1
2018-02-23 15:43:15.595  INFO [productos,,,] 12535 --- [main] c.n.d.provider.DiscoveryJerseyProvider   : Using JSON encoding codec LegacyJacksonJson
2018-02-23 15:43:15.595  INFO [productos,,,] 12535 --- [main] c.n.d.provider.DiscoveryJerseyProvider   : Using JSON decoding codec LegacyJacksonJson
2018-02-23 15:43:15.752  INFO [productos,,,] 12535 --- [main] c.n.d.provider.DiscoveryJerseyProvider   : Using XML encoding codec XStreamXml
2018-02-23 15:43:15.752  INFO [productos,,,] 12535 --- [main] c.n.d.provider.DiscoveryJerseyProvider   : Using XML decoding codec XStreamXml
2018-02-23 15:43:17.413  INFO [productos,,,] 12535 --- [main] c.n.d.s.r.aws.ConfigClusterResolver      : Resolving eureka endpoints via configuration
2018-02-23 15:43:17.451  INFO [productos,,,] 12535 --- [main] com.netflix.discovery.DiscoveryClient    : Disable delta property : false
2018-02-23 15:43:17.452  INFO [productos,,,] 12535 --- [main] com.netflix.discovery.DiscoveryClient    : Single vip registry refresh property : null
2018-02-23 15:43:17.453  INFO [productos,,,] 12535 --- [main] com.netflix.discovery.DiscoveryClient    : Force full registry fetch : false
2018-02-23 15:43:17.453  INFO [productos,,,] 12535 --- [main] com.netflix.discovery.DiscoveryClient    : Application is null : false
2018-02-23 15:43:17.453  INFO [productos,,,] 12535 --- [main] com.netflix.discovery.DiscoveryClient    : Registered Applications size is zero : true
2018-02-23 15:43:17.454  INFO [productos,,,] 12535 --- [main] com.netflix.discovery.DiscoveryClient    : Application version is -1: true
2018-02-23 15:43:17.454  INFO [productos,,,] 12535 --- [main] com.netflix.discovery.DiscoveryClient    : Getting all instance registry info from the eureka server
2018-02-23 15:43:17.954  INFO [productos,,,] 12535 --- [main] com.netflix.discovery.DiscoveryClient    : The response status is 200
2018-02-23 15:43:17.978  INFO [productos,,,] 12535 --- [main] com.netflix.discovery.DiscoveryClient    : Starting heartbeat executor: renew interval is: 30
2018-02-23 15:43:17.990  INFO [productos,,,] 12535 --- [main] c.n.discovery.InstanceInfoReplicator     : InstanceInfoReplicator onDemand update allowed rate per min is 4
2018-02-23 15:43:18.005  INFO [productos,,,] 12535 --- [main] com.netflix.discovery.DiscoveryClient    : Discovery Client initialized at timestamp 1519411398004 with initial instances count: 6
2018-02-23 15:43:18.053  INFO [productos,,,] 12535 --- [main] o.s.c.n.e.s.EurekaServiceRegistry        : Registering application productos with eureka with status UP
2018-02-23 15:43:18.055  INFO [productos,,,] 12535 --- [main] com.netflix.discovery.DiscoveryClient    : Saw local status change event StatusChangeEvent [timestamp=1519411398055, current=UP, previous=STARTING]
2018-02-23 15:43:18.058  INFO [productos,,,] 12535 --- [DiscoveryClient-InstanceInfoReplicator-0] com.netflix.discovery.DiscoveryClient    : DiscoveryClient_PRODUCTOS/productos:9193: registering service...
2018-02-23 15:43:18.064  INFO [productos,,,] 12535 --- [main] o.s.c.support.DefaultLifecycleProcessor  : Starting beans in phase 2147483647
2018-02-23 15:43:18.064  INFO [productos,,,] 12535 --- [main] d.s.w.p.DocumentationPluginsBootstrapper : Context refreshed
2018-02-23 15:43:18.158  INFO [productos,,,] 12535 --- [main] d.s.w.p.DocumentationPluginsBootstrapper : Found 1 custom documentation plugin(s)
2018-02-23 15:43:18.185  INFO [productos,,,] 12535 --- [DiscoveryClient-InstanceInfoReplicator-0] com.netflix.discovery.DiscoveryClient    : DiscoveryClient_PRODUCTOS/productos:9193 - registration status: 204
2018-02-23 15:43:18.384  INFO [productos,,,] 12535 --- [main] s.d.s.w.s.ApiListingReferenceScanner     : Scanning for api listing references
2018-02-23 15:43:18.934  INFO [productos,,,] 12535 --- [main] s.b.c.e.t.TomcatEmbeddedServletContainer : Tomcat started on port(s): 9193 (http)
2018-02-23 15:43:18.937  INFO [productos,,,] 12535 --- [main] .s.c.n.e.s.EurekaAutoServiceRegistration : Updating port to 9193
2018-02-23 15:43:18.950  INFO [productos,,,] 12535 --- [main] p.c.l.p.ProductosLacasolanaApplication   : Started ProductosLacasolanaApplication in 20.679 seconds (JVM running for 21.42)
2018-02-23 15:48:17.457  INFO [productos,,,] 12535 --- [AsyncResolver-bootstrap-executor-0] c.n.d.s.r.aws.ConfigClusterResolver      : Resolving eureka endpoints via configuration
2018-02-23 15:53:17.458  INFO [productos,,,] 12535 --- [AsyncResolver-bootstrap-executor-0] c.n.d.s.r.aws.ConfigClusterResolver      : Resolving eureka endpoints via configuration
2018-02-23 15:58:17.459  INFO [productos,,,] 12535 --- [AsyncResolver-bootstrap-executor-0] c.n.d.s.r.aws.ConfigClusterResolver      : Resolving eureka endpoints via configuration
2018-02-23 16:03:17.460  INFO [productos,,,] 12535 --- [AsyncResolver-bootstrap-executor-0] c.n.d.s.r.aws.ConfigClusterResolver      : Resolving eureka endpoints via configuration
2018-02-23 16:08:17.461  INFO [productos,,,] 12535 --- [AsyncResolver-bootstrap-executor-0] c.n.d.s.r.aws.ConfigClusterResolver      : Resolving eureka endpoints via configuration
2018-02-23 16:13:17.462  INFO [productos,,,] 12535 --- [AsyncResolver-bootstrap-executor-0] c.n.d.s.r.aws.ConfigClusterResolver      : Resolving eureka endpoints via configuration
2018-02-23 16:18:17.911  INFO [productos,,,] 12535 --- [AsyncResolver-bootstrap-executor-0] c.n.d.s.r.aws.ConfigClusterResolver      : Resolving eureka endpoints via configuration
2018-02-23 16:20:20.146  INFO [productos,,,] 12535 --- [http-nio-9193-exec-1] o.a.c.c.C.[.[.[/productos-lacasolana]    : Initializing Spring FrameworkServlet 'dispatcherServlet'
2018-02-23 16:20:20.146  INFO [productos,,,] 12535 --- [http-nio-9193-exec-1] o.s.web.servlet.DispatcherServlet        : FrameworkServlet 'dispatcherServlet': initialization started
2018-02-23 16:20:20.213  INFO [productos,,,] 12535 --- [http-nio-9193-exec-1] o.s.web.servlet.DispatcherServlet        : FrameworkServlet 'dispatcherServlet': initialization completed in 67 ms
2018-02-23 16:20:20.389  INFO [productos,4493b9f39cdfd6d1,ab361d3d348ca548,true] 12535 --- [http-nio-9193-exec-1] p.c.l.productos.controller.ProductosAPI  : Llamada al servicio obtener producto por id
2018-02-23 16:20:20.390  INFO [productos,4493b9f39cdfd6d1,ab361d3d348ca548,true] 12535 --- [http-nio-9193-exec-1] p.c.l.p.s.impl.ProductoServiceImpl       : Obteniendo producto con id [1]
2018-02-23 16:20:20.391  INFO [productos,4493b9f39cdfd6d1,ab361d3d348ca548,true] 12535 --- [http-nio-9193-exec-1] p.c.l.p.dao.impl.ProductosDAOImpl        : Acceso a datos para producto por id
2018-02-23 16:20:20.391  INFO [productos,4493b9f39cdfd6d1,ab361d3d348ca548,true] 12535 --- [http-nio-9193-exec-1] p.c.l.p.dao.impl.ProductosDAOImpl        : SQL->SELECT * FROM public."PRODUCTOS" WHERE "ID_PRODUCTO" = ? 
2018-02-23 16:20:20.957  INFO [productos,4493b9f39cdfd6d1,c20b90c60467f337,true] 12535 --- [http-nio-9193-exec-2] p.c.l.productos.controller.ProductosAPI  : Llamada al servicio obtener producto por id
2018-02-23 16:20:20.960  INFO [productos,4493b9f39cdfd6d1,c20b90c60467f337,true] 12535 --- [http-nio-9193-exec-2] p.c.l.p.s.impl.ProductoServiceImpl       : Obteniendo producto con id [1]
2018-02-23 16:20:20.961  INFO [productos,4493b9f39cdfd6d1,c20b90c60467f337,true] 12535 --- [http-nio-9193-exec-2] p.c.l.p.dao.impl.ProductosDAOImpl        : Acceso a datos para producto por id
2018-02-23 16:20:20.961  INFO [productos,4493b9f39cdfd6d1,c20b90c60467f337,true] 12535 --- [http-nio-9193-exec-2] p.c.l.p.dao.impl.ProductosDAOImpl        : SQL->SELECT * FROM public."PRODUCTOS" WHERE "ID_PRODUCTO" = ? 
2018-02-23 16:20:21.241  INFO [productos,4493b9f39cdfd6d1,c20b90c60467f337,true] 12535 --- [http-nio-9193-exec-2] p.c.l.p.dao.impl.ProductosDAOImpl        : Producto obtenido de la base de datos
2018-02-23 16:20:21.242  INFO [productos,4493b9f39cdfd6d1,ab361d3d348ca548,true] 12535 --- [http-nio-9193-exec-1] p.c.l.p.dao.impl.ProductosDAOImpl        : Producto obtenido de la base de datos
2018-02-23 16:20:21.263  INFO [productos,4493b9f39cdfd6d1,c20b90c60467f337,true] 12535 --- [http-nio-9193-exec-2] p.c.l.p.s.impl.ProductoServiceImpl       : Obtenido Producto [id=1, descripcion=Empanadas al horno, precio=4000.00, tipo=UNIDAD, codigo=10000003, estado=ACTIVO]
2018-02-23 16:20:21.264  INFO [productos,4493b9f39cdfd6d1,c20b90c60467f337,true] 12535 --- [http-nio-9193-exec-2] p.c.l.productos.controller.ProductosAPI  : Retornamos el producto.
2018-02-23 16:20:21.264  INFO [productos,4493b9f39cdfd6d1,ab361d3d348ca548,true] 12535 --- [http-nio-9193-exec-1] p.c.l.p.s.impl.ProductoServiceImpl       : Obtenido Producto [id=1, descripcion=Empanadas al horno, precio=4000.00, tipo=UNIDAD, codigo=10000003, estado=ACTIVO]
2018-02-23 16:20:21.267  INFO [productos,4493b9f39cdfd6d1,ab361d3d348ca548,true] 12535 --- [http-nio-9193-exec-1] p.c.l.productos.controller.ProductosAPI  : Retornamos el producto.
2018-02-23 16:20:21.426  INFO [productos,,,] 12535 --- [AsyncReporter(org.springframework.cloud.sleuth.zipkin2.sender.RestTemplateSender@4bca8eaf)] s.c.a.AnnotationConfigApplicationContext : Refreshing org.springframework.context.annotation.AnnotationConfigApplicationContext@3f2c5ad1: startup date [Fri Feb 23 16:20:21 PYST 2018]; parent: org.springframework.boot.context.embedded.AnnotationConfigEmbeddedWebApplicationContext@40e10ff8
2018-02-23 16:20:21.745  INFO [productos,,,] 12535 --- [AsyncReporter(org.springframework.cloud.sleuth.zipkin2.sender.RestTemplateSender@4bca8eaf)] f.a.AutowiredAnnotationBeanPostProcessor : JSR-330 'javax.inject.Inject' annotation found and supported for autowiring
2018-02-23 16:20:22.308  INFO [productos,,,] 12535 --- [AsyncReporter(org.springframework.cloud.sleuth.zipkin2.sender.RestTemplateSender@4bca8eaf)] c.netflix.config.ChainedDynamicProperty  : Flipping property: localhost.ribbon.ActiveConnectionsLimit to use NEXT property: niws.loadbalancer.availabilityFilteringRule.activeConnectionsLimit = 2147483647
2018-02-23 16:20:22.395  INFO [productos,,,] 12535 --- [AsyncReporter(org.springframework.cloud.sleuth.zipkin2.sender.RestTemplateSender@4bca8eaf)] c.n.u.concurrent.ShutdownEnabledTimer    : Shutdown hook installed for: NFLoadBalancer-PingTimer-localhost
2018-02-23 16:20:22.413  INFO [productos,,,] 12535 --- [AsyncReporter(org.springframework.cloud.sleuth.zipkin2.sender.RestTemplateSender@4bca8eaf)] c.netflix.loadbalancer.BaseLoadBalancer  : Client: localhost instantiated a LoadBalancer: DynamicServerListLoadBalancer:{NFLoadBalancer:name=localhost,current list of Servers=[],Load balancer stats=Zone stats: {},Server stats: []}ServerList:null
2018-02-23 16:20:22.460  INFO [productos,,,] 12535 --- [AsyncReporter(org.springframework.cloud.sleuth.zipkin2.sender.RestTemplateSender@4bca8eaf)] c.n.l.DynamicServerListLoadBalancer      : Using serverListUpdater PollingServerListUpdater
2018-02-23 16:20:22.486  INFO [productos,,,] 12535 --- [AsyncReporter(org.springframework.cloud.sleuth.zipkin2.sender.RestTemplateSender@4bca8eaf)] c.n.l.DynamicServerListLoadBalancer      : DynamicServerListLoadBalancer for client localhost initialized: DynamicServerListLoadBalancer:{NFLoadBalancer:name=localhost,current list of Servers=[],Load balancer stats=Zone stats: {},Server stats: []}ServerList:org.springframework.cloud.netflix.ribbon.eureka.DomainExtractingServerList@454baa33
2018-02-23 16:23:17.912  INFO [productos,,,] 12535 --- [AsyncResolver-bootstrap-executor-0] c.n.d.s.r.aws.ConfigClusterResolver      : Resolving eureka endpoints via configuration
2018-02-23 16:24:52.684  INFO [productos,,,] 12535 --- [RMI TCP Connection(2)-127.0.0.1] inMXBeanRegistrar$SpringApplicationAdmin : Application shutdown requested.
2018-02-23 16:24:52.686  INFO [productos,,,] 12535 --- [RMI TCP Connection(2)-127.0.0.1] ationConfigEmbeddedWebApplicationContext : Closing org.springframework.boot.context.embedded.AnnotationConfigEmbeddedWebApplicationContext@40e10ff8: startup date [Fri Feb 23 15:43:03 PYST 2018]; parent: org.springframework.context.annotation.AnnotationConfigApplicationContext@3d1cfad4
2018-02-23 16:24:52.689  INFO [productos,,,] 12535 --- [RMI TCP Connection(2)-127.0.0.1] o.s.c.n.e.s.EurekaServiceRegistry        : Unregistering application productos with eureka with status DOWN
2018-02-23 16:24:52.690  WARN [productos,,,] 12535 --- [RMI TCP Connection(2)-127.0.0.1] com.netflix.discovery.DiscoveryClient    : Saw local status change event StatusChangeEvent [timestamp=1519413892690, current=DOWN, previous=UP]
2018-02-23 16:24:52.690  INFO [productos,,,] 12535 --- [DiscoveryClient-InstanceInfoReplicator-0] com.netflix.discovery.DiscoveryClient    : DiscoveryClient_PRODUCTOS/productos:9193: registering service...
2018-02-23 16:24:52.693  INFO [productos,,,] 12535 --- [RMI TCP Connection(2)-127.0.0.1] o.s.c.support.DefaultLifecycleProcessor  : Stopping beans in phase 2147483647
2018-02-23 16:24:52.695  INFO [productos,,,] 12535 --- [RMI TCP Connection(2)-127.0.0.1] o.s.c.support.DefaultLifecycleProcessor  : Stopping beans in phase 0
2018-02-23 16:24:52.704  INFO [productos,,,] 12535 --- [RMI TCP Connection(2)-127.0.0.1] s.c.a.AnnotationConfigApplicationContext : Closing org.springframework.context.annotation.AnnotationConfigApplicationContext@3f2c5ad1: startup date [Fri Feb 23 16:20:21 PYST 2018]; parent: org.springframework.boot.context.embedded.AnnotationConfigEmbeddedWebApplicationContext@40e10ff8
2018-02-23 16:24:52.706  INFO [productos,,,] 12535 --- [RMI TCP Connection(2)-127.0.0.1] c.n.u.concurrent.ShutdownEnabledTimer    : Shutdown hook removed for: NFLoadBalancer-PingTimer-localhost
2018-02-23 16:24:52.710  INFO [productos,,,] 12535 --- [DiscoveryClient-InstanceInfoReplicator-0] com.netflix.discovery.DiscoveryClient    : DiscoveryClient_PRODUCTOS/productos:9193 - registration status: 204
2018-02-23 16:24:52.716  INFO [productos,,,] 12535 --- [RMI TCP Connection(2)-127.0.0.1] o.s.j.e.a.AnnotationMBeanExporter        : Unregistering JMX-exposed beans on shutdown
2018-02-23 16:24:52.717  INFO [productos,,,] 12535 --- [RMI TCP Connection(2)-127.0.0.1] o.s.j.e.a.AnnotationMBeanExporter        : Unregistering JMX-exposed beans
2018-02-23 16:24:52.718  INFO [productos,,,] 12535 --- [RMI TCP Connection(2)-127.0.0.1] com.netflix.discovery.DiscoveryClient    : Shutting down DiscoveryClient ...
2018-02-23 16:24:52.720  INFO [productos,,,] 12535 --- [RMI TCP Connection(2)-127.0.0.1] com.netflix.discovery.DiscoveryClient    : Unregistering ...
2018-02-23 16:24:52.731  INFO [productos,,,] 12535 --- [RMI TCP Connection(2)-127.0.0.1] com.netflix.discovery.DiscoveryClient    : DiscoveryClient_PRODUCTOS/productos:9193 - deregister  status: 200
2018-02-23 16:24:52.749  INFO [productos,,,] 12535 --- [RMI TCP Connection(2)-127.0.0.1] com.netflix.discovery.DiscoveryClient    : Completed shut down of DiscoveryClient
2018-02-23 16:24:52.787  INFO [productos,,,] 12535 --- [RMI TCP Connection(2)-127.0.0.1] o.apache.catalina.core.StandardService   : Stopping service [Tomcat]
2018-02-23 16:24:52.791  INFO [productos,,,] 12535 --- [localhost-startStop-2] o.a.c.c.C.[.[.[/productos-lacasolana]    : Destroying Spring FrameworkServlet 'dispatcherServlet'
2018-02-23 16:24:52.812  INFO [productos,,,] 12535 --- [Thread-11] c.n.l.PollingServerListUpdater           : Shutting down the Executor Pool for PollingServerListUpdater
