2018-02-23 15:45:50.531  INFO [proveedores,,,] 12648 --- [main] c.c.c.ConfigServicePropertySourceLocator : Fetching config from server at: http://192.168.67.76:8888
2018-02-23 15:45:59.069  INFO [proveedores,,,] 12648 --- [main] c.c.c.ConfigServicePropertySourceLocator : Located environment: name=proveedores, profiles=[default], label=null, version=0d5e0e4697f5f797d4fa520525db172b4ca87765, state=null
2018-02-23 15:45:59.071  INFO [proveedores,,,] 12648 --- [main] b.c.PropertySourceBootstrapConfiguration : Located property source: CompositePropertySource [name='configService', propertySources=[MapPropertySource {name='configClient'}, MapPropertySource {name='https://github.com/informacity/lacasolana-git-config-server/proveedores.yml'}]]
2018-02-23 15:45:59.168  INFO [proveedores,,,] 12648 --- [main] p.c.l.p.ProveedoresLacasolanaApplication : No active profile set, falling back to default profiles: default
2018-02-23 15:45:59.223  INFO [proveedores,,,] 12648 --- [main] ationConfigEmbeddedWebApplicationContext : Refreshing org.springframework.boot.context.embedded.AnnotationConfigEmbeddedWebApplicationContext@31e75d13: startup date [Fri Feb 23 15:45:59 PYST 2018]; parent: org.springframework.context.annotation.AnnotationConfigApplicationContext@3d1cfad4
2018-02-23 15:46:02.599  INFO [proveedores,,,] 12648 --- [main] o.s.cloud.context.scope.GenericScope     : BeanFactory id=b70aac14-b920-39e6-8e9e-bad2b2bafe8f
2018-02-23 15:46:02.642  INFO [proveedores,,,] 12648 --- [main] f.a.AutowiredAnnotationBeanPostProcessor : JSR-330 'javax.inject.Inject' annotation found and supported for autowiring
2018-02-23 15:46:08.339  INFO [proveedores,,,] 12648 --- [main] trationDelegate$BeanPostProcessorChecker : Bean 'org.springframework.cloud.sleuth.annotation.SleuthAnnotationAutoConfiguration' of type [org.springframework.cloud.sleuth.annotation.SleuthAnnotationAutoConfiguration$$EnhancerBySpringCGLIB$$16cb167c] is not eligible for getting processed by all BeanPostProcessors (for example: not eligible for auto-proxying)
2018-02-23 15:46:08.575  INFO [proveedores,,,] 12648 --- [main] trationDelegate$BeanPostProcessorChecker : Bean 'sleuthAdvisorConfig' of type [org.springframework.cloud.sleuth.annotation.SleuthAdvisorConfig] is not eligible for getting processed by all BeanPostProcessors (for example: not eligible for auto-proxying)
2018-02-23 15:46:08.587  INFO [proveedores,,,] 12648 --- [main] trationDelegate$BeanPostProcessorChecker : Bean 'org.springframework.transaction.annotation.ProxyTransactionManagementConfiguration' of type [org.springframework.transaction.annotation.ProxyTransactionManagementConfiguration$$EnhancerBySpringCGLIB$$1465d04a] is not eligible for getting processed by all BeanPostProcessors (for example: not eligible for auto-proxying)
2018-02-23 15:46:08.674  INFO [proveedores,,,] 12648 --- [main] trationDelegate$BeanPostProcessorChecker : Bean 'org.springframework.cloud.autoconfigure.ConfigurationPropertiesRebinderAutoConfiguration' of type [org.springframework.cloud.autoconfigure.ConfigurationPropertiesRebinderAutoConfiguration$$EnhancerBySpringCGLIB$$307fd347] is not eligible for getting processed by all BeanPostProcessors (for example: not eligible for auto-proxying)
2018-02-23 15:46:08.696  INFO [proveedores,,,] 12648 --- [main] trationDelegate$BeanPostProcessorChecker : Bean 'org.springframework.cloud.sleuth.instrument.web.client.feign.TraceFeignClientAutoConfiguration$FeignBeanPostProcessorConfiguration' of type [org.springframework.cloud.sleuth.instrument.web.client.feign.TraceFeignClientAutoConfiguration$FeignBeanPostProcessorConfiguration$$EnhancerBySpringCGLIB$$53f7a910] is not eligible for getting processed by all BeanPostProcessors (for example: not eligible for auto-proxying)
2018-02-23 15:46:08.722  INFO [proveedores,,,] 12648 --- [main] trationDelegate$BeanPostProcessorChecker : Bean 'org.springframework.cloud.sleuth.instrument.async.AsyncDefaultAutoConfiguration' of type [org.springframework.cloud.sleuth.instrument.async.AsyncDefaultAutoConfiguration$$EnhancerBySpringCGLIB$$fc497c69] is not eligible for getting processed by all BeanPostProcessors (for example: not eligible for auto-proxying)
2018-02-23 15:46:08.748  INFO [proveedores,,,] 12648 --- [main] trationDelegate$BeanPostProcessorChecker : Bean 'org.springframework.cloud.sleuth.instrument.web.client.TraceWebClientAutoConfiguration' of type [org.springframework.cloud.sleuth.instrument.web.client.TraceWebClientAutoConfiguration$$EnhancerBySpringCGLIB$$c0f89bc9] is not eligible for getting processed by all BeanPostProcessors (for example: not eligible for auto-proxying)
2018-02-23 15:46:10.261  INFO [proveedores,,,] 12648 --- [main] s.b.c.e.t.TomcatEmbeddedServletContainer : Tomcat initialized with port(s): 9398 (http)
2018-02-23 15:46:10.289  INFO [proveedores,,,] 12648 --- [main] o.apache.catalina.core.StandardService   : Starting service [Tomcat]
2018-02-23 15:46:10.293  INFO [proveedores,,,] 12648 --- [main] org.apache.catalina.core.StandardEngine  : Starting Servlet Engine: Apache Tomcat/8.5.23
2018-02-23 15:46:10.690  INFO [proveedores,,,] 12648 --- [localhost-startStop-1] o.a.c.c.C.[.[.[/proveedores-lacasolana]  : Initializing Spring embedded WebApplicationContext
2018-02-23 15:46:10.691  INFO [proveedores,,,] 12648 --- [localhost-startStop-1] o.s.web.context.ContextLoader            : Root WebApplicationContext: initialization completed in 11468 ms
2018-02-23 15:46:11.233  INFO [proveedores,,,] 12648 --- [localhost-startStop-1] o.s.b.w.servlet.FilterRegistrationBean   : Mapping filter: 'characterEncodingFilter' to: [/*]
2018-02-23 15:46:11.234  INFO [proveedores,,,] 12648 --- [localhost-startStop-1] o.s.b.w.servlet.FilterRegistrationBean   : Mapping filter: 'traceFilter' to: [/*]
2018-02-23 15:46:11.234  INFO [proveedores,,,] 12648 --- [localhost-startStop-1] o.s.b.w.servlet.FilterRegistrationBean   : Mapping filter: 'hiddenHttpMethodFilter' to: [/*]
2018-02-23 15:46:11.235  INFO [proveedores,,,] 12648 --- [localhost-startStop-1] o.s.b.w.servlet.FilterRegistrationBean   : Mapping filter: 'httpPutFormContentFilter' to: [/*]
2018-02-23 15:46:11.235  INFO [proveedores,,,] 12648 --- [localhost-startStop-1] o.s.b.w.servlet.FilterRegistrationBean   : Mapping filter: 'requestContextFilter' to: [/*]
2018-02-23 15:46:11.236  INFO [proveedores,,,] 12648 --- [localhost-startStop-1] .s.DelegatingFilterProxyRegistrationBean : Mapping filter: 'springSecurityFilterChain' to: [/*]
2018-02-23 15:46:11.237  INFO [proveedores,,,] 12648 --- [localhost-startStop-1] o.s.b.w.servlet.ServletRegistrationBean  : Mapping servlet: 'dispatcherServlet' to [/]
2018-02-23 15:46:11.822  INFO [proveedores,,,] 12648 --- [main] o.s.aop.framework.CglibAopProxy          : Final method [public final void org.springframework.jdbc.core.support.JdbcDaoSupport.setDataSource(javax.sql.DataSource)] cannot get proxied via CGLIB: Calls to this method will NOT be routed to the target instance and might lead to NPEs against uninitialized fields in the proxy instance.
2018-02-23 15:46:11.822  INFO [proveedores,,,] 12648 --- [main] o.s.aop.framework.CglibAopProxy          : Final method [public final javax.sql.DataSource org.springframework.jdbc.core.support.JdbcDaoSupport.getDataSource()] cannot get proxied via CGLIB: Calls to this method will NOT be routed to the target instance and might lead to NPEs against uninitialized fields in the proxy instance.
2018-02-23 15:46:11.822  INFO [proveedores,,,] 12648 --- [main] o.s.aop.framework.CglibAopProxy          : Final method [protected final void org.springframework.jdbc.core.support.JdbcDaoSupport.releaseConnection(java.sql.Connection)] cannot get proxied via CGLIB: Calls to this method will NOT be routed to the target instance and might lead to NPEs against uninitialized fields in the proxy instance.
2018-02-23 15:46:11.822  INFO [proveedores,,,] 12648 --- [main] o.s.aop.framework.CglibAopProxy          : Final method [protected final org.springframework.jdbc.support.SQLExceptionTranslator org.springframework.jdbc.core.support.JdbcDaoSupport.getExceptionTranslator()] cannot get proxied via CGLIB: Calls to this method will NOT be routed to the target instance and might lead to NPEs against uninitialized fields in the proxy instance.
2018-02-23 15:46:11.823  INFO [proveedores,,,] 12648 --- [main] o.s.aop.framework.CglibAopProxy          : Final method [protected final java.sql.Connection org.springframework.jdbc.core.support.JdbcDaoSupport.getConnection() throws org.springframework.jdbc.CannotGetJdbcConnectionException] cannot get proxied via CGLIB: Calls to this method will NOT be routed to the target instance and might lead to NPEs against uninitialized fields in the proxy instance.
2018-02-23 15:46:11.823  INFO [proveedores,,,] 12648 --- [main] o.s.aop.framework.CglibAopProxy          : Final method [public final org.springframework.jdbc.core.JdbcTemplate org.springframework.jdbc.core.support.JdbcDaoSupport.getJdbcTemplate()] cannot get proxied via CGLIB: Calls to this method will NOT be routed to the target instance and might lead to NPEs against uninitialized fields in the proxy instance.
2018-02-23 15:46:11.823  INFO [proveedores,,,] 12648 --- [main] o.s.aop.framework.CglibAopProxy          : Final method [public final void org.springframework.jdbc.core.support.JdbcDaoSupport.setJdbcTemplate(org.springframework.jdbc.core.JdbcTemplate)] cannot get proxied via CGLIB: Calls to this method will NOT be routed to the target instance and might lead to NPEs against uninitialized fields in the proxy instance.
2018-02-23 15:46:11.823  WARN [proveedores,,,] 12648 --- [main] o.s.aop.framework.CglibAopProxy          : Unable to proxy interface-implementing method [public final void org.springframework.dao.support.DaoSupport.afterPropertiesSet() throws java.lang.IllegalArgumentException,org.springframework.beans.factory.BeanInitializationException] because it is marked as final: Consider using interface-based JDK proxies instead!
2018-02-23 15:46:11.823  INFO [proveedores,,,] 12648 --- [main] o.s.aop.framework.CglibAopProxy          : Final method [public final void org.springframework.dao.support.DaoSupport.afterPropertiesSet() throws java.lang.IllegalArgumentException,org.springframework.beans.factory.BeanInitializationException] cannot get proxied via CGLIB: Calls to this method will NOT be routed to the target instance and might lead to NPEs against uninitialized fields in the proxy instance.
2018-02-23 15:46:14.787  INFO [proveedores,,,] 12648 --- [main] s.w.s.m.m.a.RequestMappingHandlerMapping : Mapped "{[/proveedores],methods=[POST]}" onto public py.com.lacasolana.bean.beans.Proveedor py.com.lacasolana.proveedores.controller.ProveedorAPI.registrarProveedor(java.lang.String,java.lang.String,java.lang.String,java.lang.String,java.lang.String) throws py.com.lacasolana.bean.exception.APIException
2018-02-23 15:46:14.795  INFO [proveedores,,,] 12648 --- [main] s.w.s.m.m.a.RequestMappingHandlerMapping : Mapped "{[/proveedores],methods=[PUT]}" onto public py.com.lacasolana.bean.beans.Proveedor py.com.lacasolana.proveedores.controller.ProveedorAPI.actualizarProveedor(java.lang.String,java.lang.String,java.lang.String,java.lang.String,java.lang.String,py.com.lacasolana.bean.enums.Estado,java.lang.Integer) throws py.com.lacasolana.bean.exception.APIException
2018-02-23 15:46:14.796  INFO [proveedores,,,] 12648 --- [main] s.w.s.m.m.a.RequestMappingHandlerMapping : Mapped "{[/proveedores/{id-proveedor}],methods=[GET]}" onto public py.com.lacasolana.bean.beans.Proveedor py.com.lacasolana.proveedores.controller.ProveedorAPI.obtenerProveedorPorId(java.lang.Integer) throws py.com.lacasolana.bean.exception.APIException
2018-02-23 15:46:14.796  INFO [proveedores,,,] 12648 --- [main] s.w.s.m.m.a.RequestMappingHandlerMapping : Mapped "{[/proveedores],methods=[GET]}" onto public java.util.List<py.com.lacasolana.bean.beans.Proveedor> py.com.lacasolana.proveedores.controller.ProveedorAPI.obtenerProveedores() throws py.com.lacasolana.bean.exception.APIException
2018-02-23 15:46:14.825  INFO [proveedores,,,] 12648 --- [main] s.w.s.m.m.a.RequestMappingHandlerMapping : Mapped "{[/swagger-resources/configuration/security]}" onto public org.springframework.http.ResponseEntity<springfox.documentation.swagger.web.SecurityConfiguration> springfox.documentation.swagger.web.ApiResourceController.securityConfiguration()
2018-02-23 15:46:14.827  INFO [proveedores,,,] 12648 --- [main] s.w.s.m.m.a.RequestMappingHandlerMapping : Mapped "{[/swagger-resources]}" onto public org.springframework.http.ResponseEntity<java.util.List<springfox.documentation.swagger.web.SwaggerResource>> springfox.documentation.swagger.web.ApiResourceController.swaggerResources()
2018-02-23 15:46:14.829  INFO [proveedores,,,] 12648 --- [main] s.w.s.m.m.a.RequestMappingHandlerMapping : Mapped "{[/swagger-resources/configuration/ui]}" onto public org.springframework.http.ResponseEntity<springfox.documentation.swagger.web.UiConfiguration> springfox.documentation.swagger.web.ApiResourceController.uiConfiguration()
2018-02-23 15:46:14.838  INFO [proveedores,,,] 12648 --- [main] s.w.s.m.m.a.RequestMappingHandlerMapping : Mapped "{[/error],produces=[text/html]}" onto public org.springframework.web.servlet.ModelAndView org.springframework.boot.autoconfigure.web.BasicErrorController.errorHtml(javax.servlet.http.HttpServletRequest,javax.servlet.http.HttpServletResponse)
2018-02-23 15:46:14.839  INFO [proveedores,,,] 12648 --- [main] s.w.s.m.m.a.RequestMappingHandlerMapping : Mapped "{[/error]}" onto public org.springframework.http.ResponseEntity<java.util.Map<java.lang.String, java.lang.Object>> org.springframework.boot.autoconfigure.web.BasicErrorController.error(javax.servlet.http.HttpServletRequest)
2018-02-23 15:46:15.453  INFO [proveedores,,,] 12648 --- [main] pertySourcedRequestMappingHandlerMapping : Mapped URL path [/v2/api-docs] onto method [public org.springframework.http.ResponseEntity<springfox.documentation.spring.web.json.Json> springfox.documentation.swagger2.web.Swagger2Controller.getDocumentation(java.lang.String,javax.servlet.http.HttpServletRequest)]
2018-02-23 15:46:15.888  WARN [proveedores,,,] 12648 --- [main] c.n.c.sources.URLConfigurationSource     : No URLs will be polled as dynamic configuration sources.
2018-02-23 15:46:15.889  INFO [proveedores,,,] 12648 --- [main] c.n.c.sources.URLConfigurationSource     : To enable URLs as dynamic configuration sources, define System property archaius.configurationSource.additionalUrls or make config.properties available on classpath.
2018-02-23 15:46:15.901  WARN [proveedores,,,] 12648 --- [main] c.n.c.sources.URLConfigurationSource     : No URLs will be polled as dynamic configuration sources.
2018-02-23 15:46:15.902  INFO [proveedores,,,] 12648 --- [main] c.n.c.sources.URLConfigurationSource     : To enable URLs as dynamic configuration sources, define System property archaius.configurationSource.additionalUrls or make config.properties available on classpath.
2018-02-23 15:46:18.038  INFO [proveedores,,,] 12648 --- [main] s.w.s.m.m.a.RequestMappingHandlerAdapter : Looking for @ControllerAdvice: org.springframework.boot.context.embedded.AnnotationConfigEmbeddedWebApplicationContext@31e75d13: startup date [Fri Feb 23 15:45:59 PYST 2018]; parent: org.springframework.context.annotation.AnnotationConfigApplicationContext@3d1cfad4
2018-02-23 15:46:20.464  INFO [proveedores,,,] 12648 --- [main] o.s.w.s.handler.SimpleUrlHandlerMapping  : Mapped URL path [/webjars/**] onto handler of type [class org.springframework.web.servlet.resource.ResourceHttpRequestHandler]
2018-02-23 15:46:20.465  INFO [proveedores,,,] 12648 --- [main] o.s.w.s.handler.SimpleUrlHandlerMapping  : Mapped URL path [/**] onto handler of type [class org.springframework.web.servlet.resource.ResourceHttpRequestHandler]
2018-02-23 15:46:21.251  INFO [proveedores,,,] 12648 --- [main] .m.m.a.ExceptionHandlerExceptionResolver : Detected @ExceptionHandler methods in handlerException
2018-02-23 15:46:21.342  INFO [proveedores,,,] 12648 --- [main] o.s.w.s.handler.SimpleUrlHandlerMapping  : Mapped URL path [/**/favicon.ico] onto handler of type [class org.springframework.web.servlet.resource.ResourceHttpRequestHandler]
2018-02-23 15:46:23.599  INFO [proveedores,,,] 12648 --- [main] o.s.s.web.DefaultSecurityFilterChain     : Creating filter chain: OrRequestMatcher [requestMatchers=[Ant [pattern='/css/**'], Ant [pattern='/js/**'], Ant [pattern='/images/**'], Ant [pattern='/webjars/**'], Ant [pattern='/**/favicon.ico'], Ant [pattern='/error']]], []
2018-02-23 15:46:23.823  INFO [proveedores,,,] 12648 --- [main] o.s.s.web.DefaultSecurityFilterChain     : Creating filter chain: OrRequestMatcher [requestMatchers=[Ant [pattern='/**']]], [org.springframework.security.web.context.request.async.WebAsyncManagerIntegrationFilter@290807e5, org.springframework.security.web.context.SecurityContextPersistenceFilter@66048ac4, org.springframework.security.web.header.HeaderWriterFilter@670a4738, org.springframework.security.web.authentication.logout.LogoutFilter@49a06087, org.springframework.security.web.authentication.www.BasicAuthenticationFilter@5af40e45, org.springframework.security.web.savedrequest.RequestCacheAwareFilter@13cf5f8a, org.springframework.security.web.servletapi.SecurityContextHolderAwareRequestFilter@7497a554, org.springframework.security.web.authentication.AnonymousAuthenticationFilter@60bc308b, org.springframework.security.web.session.SessionManagementFilter@4f8900b0, org.springframework.security.web.access.ExceptionTranslationFilter@39e7e040, org.springframework.security.web.access.intercept.FilterSecurityInterceptor@3f908bc0]
2018-02-23 15:46:26.895  INFO [proveedores,,,] 12648 --- [main] o.s.s.c.ThreadPoolTaskScheduler          : Initializing ExecutorService 
2018-02-23 15:46:26.966  WARN [proveedores,,,] 12648 --- [main] arterDeprecationWarningAutoConfiguration : spring-cloud-starter-eureka is deprecated as of Spring Cloud Netflix 1.4.0, please migrate to spring-cloud-starter-netflix-eureka
2018-02-23 15:46:27.114  INFO [proveedores,,,] 12648 --- [main] o.s.j.e.a.AnnotationMBeanExporter        : Registering beans for JMX exposure on startup
2018-02-23 15:46:27.134  INFO [proveedores,,,] 12648 --- [main] o.s.j.e.a.AnnotationMBeanExporter        : Bean with name 'environmentManager' has been autodetected for JMX exposure
2018-02-23 15:46:27.139  INFO [proveedores,,,] 12648 --- [main] o.s.j.e.a.AnnotationMBeanExporter        : Bean with name 'configurationPropertiesRebinder' has been autodetected for JMX exposure
2018-02-23 15:46:27.142  INFO [proveedores,,,] 12648 --- [main] o.s.j.e.a.AnnotationMBeanExporter        : Bean with name 'refreshScope' has been autodetected for JMX exposure
2018-02-23 15:46:27.148  INFO [proveedores,,,] 12648 --- [main] o.s.j.e.a.AnnotationMBeanExporter        : Located managed bean 'environmentManager': registering with JMX server as MBean [org.springframework.cloud.context.environment:name=environmentManager,type=EnvironmentManager]
2018-02-23 15:46:27.194  INFO [proveedores,,,] 12648 --- [main] o.s.j.e.a.AnnotationMBeanExporter        : Located managed bean 'refreshScope': registering with JMX server as MBean [org.springframework.cloud.context.scope.refresh:name=refreshScope,type=RefreshScope]
2018-02-23 15:46:27.215  INFO [proveedores,,,] 12648 --- [main] o.s.j.e.a.AnnotationMBeanExporter        : Located managed bean 'configurationPropertiesRebinder': registering with JMX server as MBean [org.springframework.cloud.context.properties:name=configurationPropertiesRebinder,context=31e75d13,type=ConfigurationPropertiesRebinder]
2018-02-23 15:46:27.545  INFO [proveedores,,,] 12648 --- [main] o.s.c.support.DefaultLifecycleProcessor  : Starting beans in phase 0
2018-02-23 15:46:27.637  INFO [proveedores,,,] 12648 --- [main] o.s.c.n.eureka.InstanceInfoFactory       : Setting initial instance status as: STARTING
2018-02-23 15:46:27.865  INFO [proveedores,,,] 12648 --- [main] com.netflix.discovery.DiscoveryClient    : Initializing Eureka in region us-east-1
2018-02-23 15:46:29.404  INFO [proveedores,,,] 12648 --- [main] c.n.d.provider.DiscoveryJerseyProvider   : Using JSON encoding codec LegacyJacksonJson
2018-02-23 15:46:29.405  INFO [proveedores,,,] 12648 --- [main] c.n.d.provider.DiscoveryJerseyProvider   : Using JSON decoding codec LegacyJacksonJson
2018-02-23 15:46:29.639  INFO [proveedores,,,] 12648 --- [main] c.n.d.provider.DiscoveryJerseyProvider   : Using XML encoding codec XStreamXml
2018-02-23 15:46:29.640  INFO [proveedores,,,] 12648 --- [main] c.n.d.provider.DiscoveryJerseyProvider   : Using XML decoding codec XStreamXml
2018-02-23 15:46:30.008  INFO [proveedores,,,] 12648 --- [main] c.n.d.s.r.aws.ConfigClusterResolver      : Resolving eureka endpoints via configuration
2018-02-23 15:46:30.073  INFO [proveedores,,,] 12648 --- [main] com.netflix.discovery.DiscoveryClient    : Disable delta property : false
2018-02-23 15:46:30.073  INFO [proveedores,,,] 12648 --- [main] com.netflix.discovery.DiscoveryClient    : Single vip registry refresh property : null
2018-02-23 15:46:30.073  INFO [proveedores,,,] 12648 --- [main] com.netflix.discovery.DiscoveryClient    : Force full registry fetch : false
2018-02-23 15:46:30.073  INFO [proveedores,,,] 12648 --- [main] com.netflix.discovery.DiscoveryClient    : Application is null : false
2018-02-23 15:46:30.074  INFO [proveedores,,,] 12648 --- [main] com.netflix.discovery.DiscoveryClient    : Registered Applications size is zero : true
2018-02-23 15:46:30.074  INFO [proveedores,,,] 12648 --- [main] com.netflix.discovery.DiscoveryClient    : Application version is -1: true
2018-02-23 15:46:30.074  INFO [proveedores,,,] 12648 --- [main] com.netflix.discovery.DiscoveryClient    : Getting all instance registry info from the eureka server
2018-02-23 15:46:30.440  INFO [proveedores,,,] 12648 --- [main] com.netflix.discovery.DiscoveryClient    : The response status is 200
2018-02-23 15:46:30.444  INFO [proveedores,,,] 12648 --- [main] com.netflix.discovery.DiscoveryClient    : Starting heartbeat executor: renew interval is: 30
2018-02-23 15:46:30.451  INFO [proveedores,,,] 12648 --- [main] c.n.discovery.InstanceInfoReplicator     : InstanceInfoReplicator onDemand update allowed rate per min is 4
2018-02-23 15:46:30.456  INFO [proveedores,,,] 12648 --- [main] com.netflix.discovery.DiscoveryClient    : Discovery Client initialized at timestamp 1519411590456 with initial instances count: 7
2018-02-23 15:46:30.487  INFO [proveedores,,,] 12648 --- [main] o.s.c.n.e.s.EurekaServiceRegistry        : Registering application proveedores with eureka with status UP
2018-02-23 15:46:30.489  INFO [proveedores,,,] 12648 --- [main] com.netflix.discovery.DiscoveryClient    : Saw local status change event StatusChangeEvent [timestamp=1519411590489, current=UP, previous=STARTING]
2018-02-23 15:46:30.492  INFO [proveedores,,,] 12648 --- [DiscoveryClient-InstanceInfoReplicator-0] com.netflix.discovery.DiscoveryClient    : DiscoveryClient_PROVEEDORES/proveedores:9398: registering service...
2018-02-23 15:46:30.505  INFO [proveedores,,,] 12648 --- [main] o.s.c.support.DefaultLifecycleProcessor  : Starting beans in phase 2147483647
2018-02-23 15:46:30.506  INFO [proveedores,,,] 12648 --- [main] d.s.w.p.DocumentationPluginsBootstrapper : Context refreshed
2018-02-23 15:46:30.768  INFO [proveedores,,,] 12648 --- [DiscoveryClient-InstanceInfoReplicator-0] com.netflix.discovery.DiscoveryClient    : DiscoveryClient_PROVEEDORES/proveedores:9398 - registration status: 204
2018-02-23 15:46:30.981  INFO [proveedores,,,] 12648 --- [main] d.s.w.p.DocumentationPluginsBootstrapper : Found 1 custom documentation plugin(s)
2018-02-23 15:46:31.662  INFO [proveedores,,,] 12648 --- [main] s.d.s.w.s.ApiListingReferenceScanner     : Scanning for api listing references
2018-02-23 15:46:32.907  INFO [proveedores,,,] 12648 --- [main] s.b.c.e.t.TomcatEmbeddedServletContainer : Tomcat started on port(s): 9398 (http)
2018-02-23 15:46:32.914  INFO [proveedores,,,] 12648 --- [main] .s.c.n.e.s.EurekaAutoServiceRegistration : Updating port to 9398
2018-02-23 15:46:32.925  INFO [proveedores,,,] 12648 --- [main] p.c.l.p.ProveedoresLacasolanaApplication : Started ProveedoresLacasolanaApplication in 50.743 seconds (JVM running for 53.749)
2018-02-23 15:51:30.216  INFO [proveedores,,,] 12648 --- [AsyncResolver-bootstrap-executor-0] c.n.d.s.r.aws.ConfigClusterResolver      : Resolving eureka endpoints via configuration
2018-02-23 15:56:30.217  INFO [proveedores,,,] 12648 --- [AsyncResolver-bootstrap-executor-0] c.n.d.s.r.aws.ConfigClusterResolver      : Resolving eureka endpoints via configuration
2018-02-23 16:01:30.218  INFO [proveedores,,,] 12648 --- [AsyncResolver-bootstrap-executor-0] c.n.d.s.r.aws.ConfigClusterResolver      : Resolving eureka endpoints via configuration
2018-02-23 16:06:30.235  INFO [proveedores,,,] 12648 --- [AsyncResolver-bootstrap-executor-0] c.n.d.s.r.aws.ConfigClusterResolver      : Resolving eureka endpoints via configuration
2018-02-23 16:11:30.236  INFO [proveedores,,,] 12648 --- [AsyncResolver-bootstrap-executor-0] c.n.d.s.r.aws.ConfigClusterResolver      : Resolving eureka endpoints via configuration
2018-02-23 16:16:30.336  INFO [proveedores,,,] 12648 --- [AsyncResolver-bootstrap-executor-0] c.n.d.s.r.aws.ConfigClusterResolver      : Resolving eureka endpoints via configuration
2018-02-23 16:19:56.573  INFO [proveedores,,,] 12648 --- [http-nio-9398-exec-1] o.a.c.c.C.[.[.[/proveedores-lacasolana]  : Initializing Spring FrameworkServlet 'dispatcherServlet'
2018-02-23 16:19:56.573  INFO [proveedores,,,] 12648 --- [http-nio-9398-exec-1] o.s.web.servlet.DispatcherServlet        : FrameworkServlet 'dispatcherServlet': initialization started
2018-02-23 16:19:56.665  INFO [proveedores,,,] 12648 --- [http-nio-9398-exec-1] o.s.web.servlet.DispatcherServlet        : FrameworkServlet 'dispatcherServlet': initialization completed in 92 ms
2018-02-23 16:19:57.503  INFO [proveedores,948e941303c059cf,b40150401d10347c,false] 12648 --- [http-nio-9398-exec-1] p.c.l.p.controller.ProveedorAPI          : Llamada al servicio de obtener proveedor por id
2018-02-23 16:19:57.503  INFO [proveedores,948e941303c059cf,b40150401d10347c,false] 12648 --- [http-nio-9398-exec-1] p.c.l.p.s.impl.ProveedorServiceImpl      : Obteniendo el proveedor con identificador 1
2018-02-23 16:19:57.504  INFO [proveedores,948e941303c059cf,d9514f5d577d91fb,false] 12648 --- [http-nio-9398-exec-2] p.c.l.p.controller.ProveedorAPI          : Llamada al servicio de obtener proveedor por id
2018-02-23 16:19:57.504  INFO [proveedores,948e941303c059cf,d9514f5d577d91fb,false] 12648 --- [http-nio-9398-exec-2] p.c.l.p.s.impl.ProveedorServiceImpl      : Obteniendo el proveedor con identificador 1
2018-02-23 16:19:57.519  INFO [proveedores,948e941303c059cf,d9514f5d577d91fb,false] 12648 --- [http-nio-9398-exec-2] p.c.l.p.dao.impl.ProveedorDAOImpl        : Acceso a datos para obtener proveedor por id
2018-02-23 16:19:57.519  INFO [proveedores,948e941303c059cf,b40150401d10347c,false] 12648 --- [http-nio-9398-exec-1] p.c.l.p.dao.impl.ProveedorDAOImpl        : Acceso a datos para obtener proveedor por id
2018-02-23 16:19:57.519  INFO [proveedores,948e941303c059cf,d9514f5d577d91fb,false] 12648 --- [http-nio-9398-exec-2] p.c.l.p.dao.impl.ProveedorDAOImpl        : SQL->SELECT * FROM public."PROVEEDORES" WHERE "ID_PROVEEDOR" = ? 
2018-02-23 16:19:57.519  INFO [proveedores,948e941303c059cf,b40150401d10347c,false] 12648 --- [http-nio-9398-exec-1] p.c.l.p.dao.impl.ProveedorDAOImpl        : SQL->SELECT * FROM public."PROVEEDORES" WHERE "ID_PROVEEDOR" = ? 
2018-02-23 16:19:58.675  INFO [proveedores,948e941303c059cf,d9514f5d577d91fb,false] 12648 --- [http-nio-9398-exec-2] p.c.l.p.dao.impl.ProveedorDAOImpl        : Proveedor obtenido de la base de datos
2018-02-23 16:19:58.675  INFO [proveedores,948e941303c059cf,b40150401d10347c,false] 12648 --- [http-nio-9398-exec-1] p.c.l.p.dao.impl.ProveedorDAOImpl        : Proveedor obtenido de la base de datos
2018-02-23 16:19:58.676  INFO [proveedores,948e941303c059cf,d9514f5d577d91fb,false] 12648 --- [http-nio-9398-exec-2] p.c.l.p.s.impl.ProveedorServiceImpl      : Proveedor obtenido exitosamente Proveedor [id=1, descripcion=Los Colonos S.A., ruc=565844, email=contacto@loscolonos.com.py, telefono=021568556, direccion=Mcal Lopez 7744, estado=ACTIVO, fechaAlta=2017-01-25]
2018-02-23 16:19:58.676  INFO [proveedores,948e941303c059cf,b40150401d10347c,false] 12648 --- [http-nio-9398-exec-1] p.c.l.p.s.impl.ProveedorServiceImpl      : Proveedor obtenido exitosamente Proveedor [id=1, descripcion=Los Colonos S.A., ruc=565844, email=contacto@loscolonos.com.py, telefono=021568556, direccion=Mcal Lopez 7744, estado=ACTIVO, fechaAlta=2017-01-25]
2018-02-23 16:19:58.676  INFO [proveedores,948e941303c059cf,d9514f5d577d91fb,false] 12648 --- [http-nio-9398-exec-2] p.c.l.p.controller.ProveedorAPI          : Retornamos el proveedor
2018-02-23 16:19:58.676  INFO [proveedores,948e941303c059cf,b40150401d10347c,false] 12648 --- [http-nio-9398-exec-1] p.c.l.p.controller.ProveedorAPI          : Retornamos el proveedor
2018-02-23 16:20:19.755  INFO [proveedores,4493b9f39cdfd6d1,19eb2243bfdd05f0,true] 12648 --- [http-nio-9398-exec-3] p.c.l.p.controller.ProveedorAPI          : Llamada al servicio de obtener proveedor por id
2018-02-23 16:20:19.755  INFO [proveedores,4493b9f39cdfd6d1,19eb2243bfdd05f0,true] 12648 --- [http-nio-9398-exec-3] p.c.l.p.s.impl.ProveedorServiceImpl      : Obteniendo el proveedor con identificador 1
2018-02-23 16:20:19.755  INFO [proveedores,4493b9f39cdfd6d1,19eb2243bfdd05f0,true] 12648 --- [http-nio-9398-exec-3] p.c.l.p.dao.impl.ProveedorDAOImpl        : Acceso a datos para obtener proveedor por id
2018-02-23 16:20:19.756  INFO [proveedores,4493b9f39cdfd6d1,19eb2243bfdd05f0,true] 12648 --- [http-nio-9398-exec-3] p.c.l.p.dao.impl.ProveedorDAOImpl        : SQL->SELECT * FROM public."PROVEEDORES" WHERE "ID_PROVEEDOR" = ? 
2018-02-23 16:20:19.759  INFO [proveedores,4493b9f39cdfd6d1,19eb2243bfdd05f0,true] 12648 --- [http-nio-9398-exec-3] p.c.l.p.dao.impl.ProveedorDAOImpl        : Proveedor obtenido de la base de datos
2018-02-23 16:20:19.759  INFO [proveedores,4493b9f39cdfd6d1,19eb2243bfdd05f0,true] 12648 --- [http-nio-9398-exec-3] p.c.l.p.s.impl.ProveedorServiceImpl      : Proveedor obtenido exitosamente Proveedor [id=1, descripcion=Los Colonos S.A., ruc=565844, email=contacto@loscolonos.com.py, telefono=021568556, direccion=Mcal Lopez 7744, estado=ACTIVO, fechaAlta=2017-01-25]
2018-02-23 16:20:19.759  INFO [proveedores,4493b9f39cdfd6d1,19eb2243bfdd05f0,true] 12648 --- [http-nio-9398-exec-3] p.c.l.p.controller.ProveedorAPI          : Retornamos el proveedor
2018-02-23 16:20:19.950  INFO [proveedores,,,] 12648 --- [AsyncReporter(org.springframework.cloud.sleuth.zipkin2.sender.RestTemplateSender@b8142f4)] s.c.a.AnnotationConfigApplicationContext : Refreshing org.springframework.context.annotation.AnnotationConfigApplicationContext@4a47aa0e: startup date [Fri Feb 23 16:20:19 PYST 2018]; parent: org.springframework.boot.context.embedded.AnnotationConfigEmbeddedWebApplicationContext@31e75d13
2018-02-23 16:20:20.312  INFO [proveedores,,,] 12648 --- [AsyncReporter(org.springframework.cloud.sleuth.zipkin2.sender.RestTemplateSender@b8142f4)] f.a.AutowiredAnnotationBeanPostProcessor : JSR-330 'javax.inject.Inject' annotation found and supported for autowiring
2018-02-23 16:20:21.344  INFO [proveedores,4493b9f39cdfd6d1,b7f0b4a04be08470,true] 12648 --- [http-nio-9398-exec-4] p.c.l.p.controller.ProveedorAPI          : Llamada al servicio de obtener proveedor por id
2018-02-23 16:20:21.345  INFO [proveedores,4493b9f39cdfd6d1,b7f0b4a04be08470,true] 12648 --- [http-nio-9398-exec-4] p.c.l.p.s.impl.ProveedorServiceImpl      : Obteniendo el proveedor con identificador 1
2018-02-23 16:20:21.345  INFO [proveedores,4493b9f39cdfd6d1,b7f0b4a04be08470,true] 12648 --- [http-nio-9398-exec-4] p.c.l.p.dao.impl.ProveedorDAOImpl        : Acceso a datos para obtener proveedor por id
2018-02-23 16:20:21.345  INFO [proveedores,4493b9f39cdfd6d1,b7f0b4a04be08470,true] 12648 --- [http-nio-9398-exec-4] p.c.l.p.dao.impl.ProveedorDAOImpl        : SQL->SELECT * FROM public."PROVEEDORES" WHERE "ID_PROVEEDOR" = ? 
2018-02-23 16:20:21.350  INFO [proveedores,4493b9f39cdfd6d1,b7f0b4a04be08470,true] 12648 --- [http-nio-9398-exec-4] p.c.l.p.dao.impl.ProveedorDAOImpl        : Proveedor obtenido de la base de datos
2018-02-23 16:20:21.350  INFO [proveedores,4493b9f39cdfd6d1,b7f0b4a04be08470,true] 12648 --- [http-nio-9398-exec-4] p.c.l.p.s.impl.ProveedorServiceImpl      : Proveedor obtenido exitosamente Proveedor [id=1, descripcion=Los Colonos S.A., ruc=565844, email=contacto@loscolonos.com.py, telefono=021568556, direccion=Mcal Lopez 7744, estado=ACTIVO, fechaAlta=2017-01-25]
2018-02-23 16:20:21.350  INFO [proveedores,4493b9f39cdfd6d1,b7f0b4a04be08470,true] 12648 --- [http-nio-9398-exec-4] p.c.l.p.controller.ProveedorAPI          : Retornamos el proveedor
2018-02-23 16:20:21.887  INFO [proveedores,,,] 12648 --- [AsyncReporter(org.springframework.cloud.sleuth.zipkin2.sender.RestTemplateSender@b8142f4)] c.netflix.config.ChainedDynamicProperty  : Flipping property: localhost.ribbon.ActiveConnectionsLimit to use NEXT property: niws.loadbalancer.availabilityFilteringRule.activeConnectionsLimit = 2147483647
2018-02-23 16:20:21.987  INFO [proveedores,,,] 12648 --- [AsyncReporter(org.springframework.cloud.sleuth.zipkin2.sender.RestTemplateSender@b8142f4)] c.n.u.concurrent.ShutdownEnabledTimer    : Shutdown hook installed for: NFLoadBalancer-PingTimer-localhost
2018-02-23 16:20:22.015  INFO [proveedores,,,] 12648 --- [AsyncReporter(org.springframework.cloud.sleuth.zipkin2.sender.RestTemplateSender@b8142f4)] c.netflix.loadbalancer.BaseLoadBalancer  : Client: localhost instantiated a LoadBalancer: DynamicServerListLoadBalancer:{NFLoadBalancer:name=localhost,current list of Servers=[],Load balancer stats=Zone stats: {},Server stats: []}ServerList:null
2018-02-23 16:20:22.060  INFO [proveedores,,,] 12648 --- [AsyncReporter(org.springframework.cloud.sleuth.zipkin2.sender.RestTemplateSender@b8142f4)] c.n.l.DynamicServerListLoadBalancer      : Using serverListUpdater PollingServerListUpdater
2018-02-23 16:20:22.075  INFO [proveedores,,,] 12648 --- [AsyncReporter(org.springframework.cloud.sleuth.zipkin2.sender.RestTemplateSender@b8142f4)] c.n.l.DynamicServerListLoadBalancer      : DynamicServerListLoadBalancer for client localhost initialized: DynamicServerListLoadBalancer:{NFLoadBalancer:name=localhost,current list of Servers=[],Load balancer stats=Zone stats: {},Server stats: []}ServerList:org.springframework.cloud.netflix.ribbon.eureka.DomainExtractingServerList@1fdcde14
2018-02-23 16:21:30.338  INFO [proveedores,,,] 12648 --- [AsyncResolver-bootstrap-executor-0] c.n.d.s.r.aws.ConfigClusterResolver      : Resolving eureka endpoints via configuration
2018-02-23 16:24:49.974  INFO [proveedores,,,] 12648 --- [RMI TCP Connection(2)-127.0.0.1] inMXBeanRegistrar$SpringApplicationAdmin : Application shutdown requested.
2018-02-23 16:24:49.975  INFO [proveedores,,,] 12648 --- [RMI TCP Connection(2)-127.0.0.1] ationConfigEmbeddedWebApplicationContext : Closing org.springframework.boot.context.embedded.AnnotationConfigEmbeddedWebApplicationContext@31e75d13: startup date [Fri Feb 23 15:45:59 PYST 2018]; parent: org.springframework.context.annotation.AnnotationConfigApplicationContext@3d1cfad4
2018-02-23 16:24:49.976  INFO [proveedores,,,] 12648 --- [RMI TCP Connection(2)-127.0.0.1] o.s.c.n.e.s.EurekaServiceRegistry        : Unregistering application proveedores with eureka with status DOWN
2018-02-23 16:24:49.976  WARN [proveedores,,,] 12648 --- [RMI TCP Connection(2)-127.0.0.1] com.netflix.discovery.DiscoveryClient    : Saw local status change event StatusChangeEvent [timestamp=1519413889976, current=DOWN, previous=UP]
2018-02-23 16:24:49.977  INFO [proveedores,,,] 12648 --- [DiscoveryClient-InstanceInfoReplicator-0] com.netflix.discovery.DiscoveryClient    : DiscoveryClient_PROVEEDORES/proveedores:9398: registering service...
2018-02-23 16:24:49.979  INFO [proveedores,,,] 12648 --- [RMI TCP Connection(2)-127.0.0.1] o.s.c.support.DefaultLifecycleProcessor  : Stopping beans in phase 2147483647
2018-02-23 16:24:49.980  INFO [proveedores,,,] 12648 --- [RMI TCP Connection(2)-127.0.0.1] o.s.c.support.DefaultLifecycleProcessor  : Stopping beans in phase 0
2018-02-23 16:24:49.983  INFO [proveedores,,,] 12648 --- [DiscoveryClient-InstanceInfoReplicator-0] com.netflix.discovery.DiscoveryClient    : DiscoveryClient_PROVEEDORES/proveedores:9398 - registration status: 204
2018-02-23 16:24:50.341  INFO [proveedores,,,] 12648 --- [RMI TCP Connection(2)-127.0.0.1] s.c.a.AnnotationConfigApplicationContext : Closing org.springframework.context.annotation.AnnotationConfigApplicationContext@4a47aa0e: startup date [Fri Feb 23 16:20:19 PYST 2018]; parent: org.springframework.boot.context.embedded.AnnotationConfigEmbeddedWebApplicationContext@31e75d13
2018-02-23 16:24:50.343  INFO [proveedores,,,] 12648 --- [RMI TCP Connection(2)-127.0.0.1] c.n.u.concurrent.ShutdownEnabledTimer    : Shutdown hook removed for: NFLoadBalancer-PingTimer-localhost
2018-02-23 16:24:50.422  INFO [proveedores,,,] 12648 --- [RMI TCP Connection(2)-127.0.0.1] o.s.j.e.a.AnnotationMBeanExporter        : Unregistering JMX-exposed beans on shutdown
2018-02-23 16:24:50.422  INFO [proveedores,,,] 12648 --- [RMI TCP Connection(2)-127.0.0.1] o.s.j.e.a.AnnotationMBeanExporter        : Unregistering JMX-exposed beans
2018-02-23 16:24:50.423  INFO [proveedores,,,] 12648 --- [RMI TCP Connection(2)-127.0.0.1] com.netflix.discovery.DiscoveryClient    : Shutting down DiscoveryClient ...
2018-02-23 16:24:50.423  INFO [proveedores,,,] 12648 --- [RMI TCP Connection(2)-127.0.0.1] com.netflix.discovery.DiscoveryClient    : Unregistering ...
2018-02-23 16:24:50.429  INFO [proveedores,,,] 12648 --- [RMI TCP Connection(2)-127.0.0.1] com.netflix.discovery.DiscoveryClient    : DiscoveryClient_PROVEEDORES/proveedores:9398 - deregister  status: 200
2018-02-23 16:24:50.441  INFO [proveedores,,,] 12648 --- [RMI TCP Connection(2)-127.0.0.1] com.netflix.discovery.DiscoveryClient    : Completed shut down of DiscoveryClient
2018-02-23 16:24:50.509  INFO [proveedores,,,] 12648 --- [RMI TCP Connection(2)-127.0.0.1] o.apache.catalina.core.StandardService   : Stopping service [Tomcat]
2018-02-23 16:24:50.513  INFO [proveedores,,,] 12648 --- [localhost-startStop-2] o.a.c.c.C.[.[.[/proveedores-lacasolana]  : Destroying Spring FrameworkServlet 'dispatcherServlet'
2018-02-23 16:24:50.522  INFO [proveedores,,,] 12648 --- [Thread-11] c.n.l.PollingServerListUpdater           : Shutting down the Executor Pool for PollingServerListUpdater
2018-04-28 11:25:11.867  INFO [proveedores,,,] 2756 --- [main] c.c.c.ConfigServicePropertySourceLocator : Fetching config from server at: http://192.168.67.76:8888
2018-04-28 11:25:13.220  INFO [proveedores,,,] 2756 --- [main] c.c.c.ConfigServicePropertySourceLocator : Located environment: name=proveedores, profiles=[default], label=null, version=aaab84cd9414be2e24cba5853334b69a5f789465, state=null
2018-04-28 11:25:13.221  INFO [proveedores,,,] 2756 --- [main] b.c.PropertySourceBootstrapConfiguration : Located property source: CompositePropertySource [name='configService', propertySources=[MapPropertySource {name='configClient'}, MapPropertySource {name='https://github.com/informacity/lacasolana-git-config-server/proveedores.yml'}]]
2018-04-28 11:25:13.370  INFO [proveedores,,,] 2756 --- [main] p.c.l.p.ProveedoresLacasolanaApplication : No active profile set, falling back to default profiles: default
2018-04-28 11:25:13.409  INFO [proveedores,,,] 2756 --- [main] ationConfigEmbeddedWebApplicationContext : Refreshing org.springframework.boot.context.embedded.AnnotationConfigEmbeddedWebApplicationContext@87abc48: startup date [Sat Apr 28 11:25:13 PYT 2018]; parent: org.springframework.context.annotation.AnnotationConfigApplicationContext@47f4e407
2018-04-28 11:25:16.676  INFO [proveedores,,,] 2756 --- [main] o.s.cloud.context.scope.GenericScope     : BeanFactory id=b70aac14-b920-39e6-8e9e-bad2b2bafe8f
2018-04-28 11:25:16.725  INFO [proveedores,,,] 2756 --- [main] f.a.AutowiredAnnotationBeanPostProcessor : JSR-330 'javax.inject.Inject' annotation found and supported for autowiring
2018-04-28 11:25:17.085  INFO [proveedores,,,] 2756 --- [main] trationDelegate$BeanPostProcessorChecker : Bean 'org.springframework.cloud.sleuth.annotation.SleuthAnnotationAutoConfiguration' of type [org.springframework.cloud.sleuth.annotation.SleuthAnnotationAutoConfiguration$$EnhancerBySpringCGLIB$$c7accefb] is not eligible for getting processed by all BeanPostProcessors (for example: not eligible for auto-proxying)
2018-04-28 11:25:17.586  INFO [proveedores,,,] 2756 --- [main] trationDelegate$BeanPostProcessorChecker : Bean 'sleuthAdvisorConfig' of type [org.springframework.cloud.sleuth.annotation.SleuthAdvisorConfig] is not eligible for getting processed by all BeanPostProcessors (for example: not eligible for auto-proxying)
2018-04-28 11:25:17.612  INFO [proveedores,,,] 2756 --- [main] trationDelegate$BeanPostProcessorChecker : Bean 'org.springframework.transaction.annotation.ProxyTransactionManagementConfiguration' of type [org.springframework.transaction.annotation.ProxyTransactionManagementConfiguration$$EnhancerBySpringCGLIB$$c54788c9] is not eligible for getting processed by all BeanPostProcessors (for example: not eligible for auto-proxying)
2018-04-28 11:25:17.770  INFO [proveedores,,,] 2756 --- [main] trationDelegate$BeanPostProcessorChecker : Bean 'org.springframework.cloud.autoconfigure.ConfigurationPropertiesRebinderAutoConfiguration' of type [org.springframework.cloud.autoconfigure.ConfigurationPropertiesRebinderAutoConfiguration$$EnhancerBySpringCGLIB$$e1618bc6] is not eligible for getting processed by all BeanPostProcessors (for example: not eligible for auto-proxying)
2018-04-28 11:25:17.808  INFO [proveedores,,,] 2756 --- [main] trationDelegate$BeanPostProcessorChecker : Bean 'org.springframework.cloud.sleuth.instrument.web.client.feign.TraceFeignClientAutoConfiguration$FeignBeanPostProcessorConfiguration' of type [org.springframework.cloud.sleuth.instrument.web.client.feign.TraceFeignClientAutoConfiguration$FeignBeanPostProcessorConfiguration$$EnhancerBySpringCGLIB$$4d9618f] is not eligible for getting processed by all BeanPostProcessors (for example: not eligible for auto-proxying)
2018-04-28 11:25:17.857  INFO [proveedores,,,] 2756 --- [main] trationDelegate$BeanPostProcessorChecker : Bean 'org.springframework.cloud.sleuth.instrument.async.AsyncDefaultAutoConfiguration' of type [org.springframework.cloud.sleuth.instrument.async.AsyncDefaultAutoConfiguration$$EnhancerBySpringCGLIB$$ad2b34e8] is not eligible for getting processed by all BeanPostProcessors (for example: not eligible for auto-proxying)
2018-04-28 11:25:17.899  INFO [proveedores,,,] 2756 --- [main] trationDelegate$BeanPostProcessorChecker : Bean 'org.springframework.cloud.sleuth.instrument.web.client.TraceWebClientAutoConfiguration' of type [org.springframework.cloud.sleuth.instrument.web.client.TraceWebClientAutoConfiguration$$EnhancerBySpringCGLIB$$71da5448] is not eligible for getting processed by all BeanPostProcessors (for example: not eligible for auto-proxying)
2018-04-28 11:25:18.972  INFO [proveedores,,,] 2756 --- [main] s.b.c.e.t.TomcatEmbeddedServletContainer : Tomcat initialized with port(s): 9398 (http)
2018-04-28 11:25:18.991  INFO [proveedores,,,] 2756 --- [main] o.apache.catalina.core.StandardService   : Starting service [Tomcat]
2018-04-28 11:25:18.994  INFO [proveedores,,,] 2756 --- [main] org.apache.catalina.core.StandardEngine  : Starting Servlet Engine: Apache Tomcat/8.5.23
2018-04-28 11:25:19.305  INFO [proveedores,,,] 2756 --- [localhost-startStop-1] o.a.c.c.C.[.[.[/proveedores-lacasolana]  : Initializing Spring embedded WebApplicationContext
2018-04-28 11:25:19.307  INFO [proveedores,,,] 2756 --- [localhost-startStop-1] o.s.web.context.ContextLoader            : Root WebApplicationContext: initialization completed in 5897 ms
2018-04-28 11:25:20.168  INFO [proveedores,,,] 2756 --- [localhost-startStop-1] o.s.b.w.servlet.FilterRegistrationBean   : Mapping filter: 'characterEncodingFilter' to: [/*]
2018-04-28 11:25:20.169  INFO [proveedores,,,] 2756 --- [localhost-startStop-1] o.s.b.w.servlet.FilterRegistrationBean   : Mapping filter: 'traceFilter' to: [/*]
2018-04-28 11:25:20.169  INFO [proveedores,,,] 2756 --- [localhost-startStop-1] o.s.b.w.servlet.FilterRegistrationBean   : Mapping filter: 'hiddenHttpMethodFilter' to: [/*]
2018-04-28 11:25:20.170  INFO [proveedores,,,] 2756 --- [localhost-startStop-1] o.s.b.w.servlet.FilterRegistrationBean   : Mapping filter: 'httpPutFormContentFilter' to: [/*]
2018-04-28 11:25:20.170  INFO [proveedores,,,] 2756 --- [localhost-startStop-1] o.s.b.w.servlet.FilterRegistrationBean   : Mapping filter: 'requestContextFilter' to: [/*]
2018-04-28 11:25:20.172  INFO [proveedores,,,] 2756 --- [localhost-startStop-1] .s.DelegatingFilterProxyRegistrationBean : Mapping filter: 'springSecurityFilterChain' to: [/*]
2018-04-28 11:25:20.173  INFO [proveedores,,,] 2756 --- [localhost-startStop-1] o.s.b.w.servlet.ServletRegistrationBean  : Mapping servlet: 'dispatcherServlet' to [/]
2018-04-28 11:25:20.768  INFO [proveedores,,,] 2756 --- [main] o.s.aop.framework.CglibAopProxy          : Final method [public final void org.springframework.jdbc.core.support.JdbcDaoSupport.setDataSource(javax.sql.DataSource)] cannot get proxied via CGLIB: Calls to this method will NOT be routed to the target instance and might lead to NPEs against uninitialized fields in the proxy instance.
2018-04-28 11:25:20.769  INFO [proveedores,,,] 2756 --- [main] o.s.aop.framework.CglibAopProxy          : Final method [public final javax.sql.DataSource org.springframework.jdbc.core.support.JdbcDaoSupport.getDataSource()] cannot get proxied via CGLIB: Calls to this method will NOT be routed to the target instance and might lead to NPEs against uninitialized fields in the proxy instance.
2018-04-28 11:25:20.770  INFO [proveedores,,,] 2756 --- [main] o.s.aop.framework.CglibAopProxy          : Final method [protected final void org.springframework.jdbc.core.support.JdbcDaoSupport.releaseConnection(java.sql.Connection)] cannot get proxied via CGLIB: Calls to this method will NOT be routed to the target instance and might lead to NPEs against uninitialized fields in the proxy instance.
2018-04-28 11:25:20.771  INFO [proveedores,,,] 2756 --- [main] o.s.aop.framework.CglibAopProxy          : Final method [protected final org.springframework.jdbc.support.SQLExceptionTranslator org.springframework.jdbc.core.support.JdbcDaoSupport.getExceptionTranslator()] cannot get proxied via CGLIB: Calls to this method will NOT be routed to the target instance and might lead to NPEs against uninitialized fields in the proxy instance.
2018-04-28 11:25:20.772  INFO [proveedores,,,] 2756 --- [main] o.s.aop.framework.CglibAopProxy          : Final method [protected final java.sql.Connection org.springframework.jdbc.core.support.JdbcDaoSupport.getConnection() throws org.springframework.jdbc.CannotGetJdbcConnectionException] cannot get proxied via CGLIB: Calls to this method will NOT be routed to the target instance and might lead to NPEs against uninitialized fields in the proxy instance.
2018-04-28 11:25:20.773  INFO [proveedores,,,] 2756 --- [main] o.s.aop.framework.CglibAopProxy          : Final method [public final org.springframework.jdbc.core.JdbcTemplate org.springframework.jdbc.core.support.JdbcDaoSupport.getJdbcTemplate()] cannot get proxied via CGLIB: Calls to this method will NOT be routed to the target instance and might lead to NPEs against uninitialized fields in the proxy instance.
2018-04-28 11:25:20.773  INFO [proveedores,,,] 2756 --- [main] o.s.aop.framework.CglibAopProxy          : Final method [public final void org.springframework.jdbc.core.support.JdbcDaoSupport.setJdbcTemplate(org.springframework.jdbc.core.JdbcTemplate)] cannot get proxied via CGLIB: Calls to this method will NOT be routed to the target instance and might lead to NPEs against uninitialized fields in the proxy instance.
2018-04-28 11:25:20.777  WARN [proveedores,,,] 2756 --- [main] o.s.aop.framework.CglibAopProxy          : Unable to proxy interface-implementing method [public final void org.springframework.dao.support.DaoSupport.afterPropertiesSet() throws java.lang.IllegalArgumentException,org.springframework.beans.factory.BeanInitializationException] because it is marked as final: Consider using interface-based JDK proxies instead!
2018-04-28 11:25:20.778  INFO [proveedores,,,] 2756 --- [main] o.s.aop.framework.CglibAopProxy          : Final method [public final void org.springframework.dao.support.DaoSupport.afterPropertiesSet() throws java.lang.IllegalArgumentException,org.springframework.beans.factory.BeanInitializationException] cannot get proxied via CGLIB: Calls to this method will NOT be routed to the target instance and might lead to NPEs against uninitialized fields in the proxy instance.
2018-04-28 11:25:22.547  INFO [proveedores,,,] 2756 --- [main] s.w.s.m.m.a.RequestMappingHandlerMapping : Mapped "{[/proveedores/{id-proveedor}],methods=[GET]}" onto public py.com.lacasolana.bean.beans.Proveedor py.com.lacasolana.proveedores.controller.ProveedorAPI.obtenerProveedorPorId(java.lang.Integer) throws py.com.lacasolana.common.exception.APIException
2018-04-28 11:25:22.550  INFO [proveedores,,,] 2756 --- [main] s.w.s.m.m.a.RequestMappingHandlerMapping : Mapped "{[/proveedores],methods=[GET]}" onto public java.util.List<py.com.lacasolana.bean.beans.Proveedor> py.com.lacasolana.proveedores.controller.ProveedorAPI.obtenerProveedores() throws py.com.lacasolana.common.exception.APIException
2018-04-28 11:25:22.552  INFO [proveedores,,,] 2756 --- [main] s.w.s.m.m.a.RequestMappingHandlerMapping : Mapped "{[/proveedores],methods=[POST]}" onto public py.com.lacasolana.bean.beans.Proveedor py.com.lacasolana.proveedores.controller.ProveedorAPI.registrarProveedor(java.lang.String,java.lang.String,java.lang.String,java.lang.String,java.lang.String) throws py.com.lacasolana.common.exception.APIException
2018-04-28 11:25:22.554  INFO [proveedores,,,] 2756 --- [main] s.w.s.m.m.a.RequestMappingHandlerMapping : Mapped "{[/proveedores],methods=[PUT]}" onto public py.com.lacasolana.bean.beans.Proveedor py.com.lacasolana.proveedores.controller.ProveedorAPI.actualizarProveedor(java.lang.String,java.lang.String,java.lang.String,java.lang.String,java.lang.String,py.com.lacasolana.bean.enums.Estado,java.lang.Integer) throws py.com.lacasolana.common.exception.APIException
2018-04-28 11:25:22.565  INFO [proveedores,,,] 2756 --- [main] s.w.s.m.m.a.RequestMappingHandlerMapping : Mapped "{[/swagger-resources/configuration/ui]}" onto public org.springframework.http.ResponseEntity<springfox.documentation.swagger.web.UiConfiguration> springfox.documentation.swagger.web.ApiResourceController.uiConfiguration()
2018-04-28 11:25:22.568  INFO [proveedores,,,] 2756 --- [main] s.w.s.m.m.a.RequestMappingHandlerMapping : Mapped "{[/swagger-resources/configuration/security]}" onto public org.springframework.http.ResponseEntity<springfox.documentation.swagger.web.SecurityConfiguration> springfox.documentation.swagger.web.ApiResourceController.securityConfiguration()
2018-04-28 11:25:22.571  INFO [proveedores,,,] 2756 --- [main] s.w.s.m.m.a.RequestMappingHandlerMapping : Mapped "{[/swagger-resources]}" onto public org.springframework.http.ResponseEntity<java.util.List<springfox.documentation.swagger.web.SwaggerResource>> springfox.documentation.swagger.web.ApiResourceController.swaggerResources()
2018-04-28 11:25:22.579  INFO [proveedores,,,] 2756 --- [main] s.w.s.m.m.a.RequestMappingHandlerMapping : Mapped "{[/error],produces=[text/html]}" onto public org.springframework.web.servlet.ModelAndView org.springframework.boot.autoconfigure.web.BasicErrorController.errorHtml(javax.servlet.http.HttpServletRequest,javax.servlet.http.HttpServletResponse)
2018-04-28 11:25:22.582  INFO [proveedores,,,] 2756 --- [main] s.w.s.m.m.a.RequestMappingHandlerMapping : Mapped "{[/error]}" onto public org.springframework.http.ResponseEntity<java.util.Map<java.lang.String, java.lang.Object>> org.springframework.boot.autoconfigure.web.BasicErrorController.error(javax.servlet.http.HttpServletRequest)
2018-04-28 11:25:23.355  INFO [proveedores,,,] 2756 --- [main] pertySourcedRequestMappingHandlerMapping : Mapped URL path [/v2/api-docs] onto method [public org.springframework.http.ResponseEntity<springfox.documentation.spring.web.json.Json> springfox.documentation.swagger2.web.Swagger2Controller.getDocumentation(java.lang.String,javax.servlet.http.HttpServletRequest)]
2018-04-28 11:25:23.933  WARN [proveedores,,,] 2756 --- [main] c.n.c.sources.URLConfigurationSource     : No URLs will be polled as dynamic configuration sources.
2018-04-28 11:25:23.933  INFO [proveedores,,,] 2756 --- [main] c.n.c.sources.URLConfigurationSource     : To enable URLs as dynamic configuration sources, define System property archaius.configurationSource.additionalUrls or make config.properties available on classpath.
2018-04-28 11:25:23.949  WARN [proveedores,,,] 2756 --- [main] c.n.c.sources.URLConfigurationSource     : No URLs will be polled as dynamic configuration sources.
2018-04-28 11:25:23.950  INFO [proveedores,,,] 2756 --- [main] c.n.c.sources.URLConfigurationSource     : To enable URLs as dynamic configuration sources, define System property archaius.configurationSource.additionalUrls or make config.properties available on classpath.
2018-04-28 11:25:24.525  INFO [proveedores,,,] 2756 --- [main] s.w.s.m.m.a.RequestMappingHandlerAdapter : Looking for @ControllerAdvice: org.springframework.boot.context.embedded.AnnotationConfigEmbeddedWebApplicationContext@87abc48: startup date [Sat Apr 28 11:25:13 PYT 2018]; parent: org.springframework.context.annotation.AnnotationConfigApplicationContext@47f4e407
2018-04-28 11:25:24.850  INFO [proveedores,,,] 2756 --- [main] o.s.w.s.handler.SimpleUrlHandlerMapping  : Mapped URL path [/webjars/**] onto handler of type [class org.springframework.web.servlet.resource.ResourceHttpRequestHandler]
2018-04-28 11:25:24.851  INFO [proveedores,,,] 2756 --- [main] o.s.w.s.handler.SimpleUrlHandlerMapping  : Mapped URL path [/**] onto handler of type [class org.springframework.web.servlet.resource.ResourceHttpRequestHandler]
2018-04-28 11:25:24.964  INFO [proveedores,,,] 2756 --- [main] .m.m.a.ExceptionHandlerExceptionResolver : Detected @ExceptionHandler methods in handlerException
2018-04-28 11:25:25.108  INFO [proveedores,,,] 2756 --- [main] o.s.w.s.handler.SimpleUrlHandlerMapping  : Mapped URL path [/**/favicon.ico] onto handler of type [class org.springframework.web.servlet.resource.ResourceHttpRequestHandler]
2018-04-28 11:25:27.159  INFO [proveedores,,,] 2756 --- [main] o.s.s.web.DefaultSecurityFilterChain     : Creating filter chain: OrRequestMatcher [requestMatchers=[Ant [pattern='/css/**'], Ant [pattern='/js/**'], Ant [pattern='/images/**'], Ant [pattern='/webjars/**'], Ant [pattern='/**/favicon.ico'], Ant [pattern='/error']]], []
2018-04-28 11:25:27.556  INFO [proveedores,,,] 2756 --- [main] o.s.s.web.DefaultSecurityFilterChain     : Creating filter chain: OrRequestMatcher [requestMatchers=[Ant [pattern='/**']]], [org.springframework.security.web.context.request.async.WebAsyncManagerIntegrationFilter@78b44fcb, org.springframework.security.web.context.SecurityContextPersistenceFilter@61d61b0e, org.springframework.security.web.header.HeaderWriterFilter@5f5c0eda, org.springframework.security.web.authentication.logout.LogoutFilter@4d93e5bf, org.springframework.security.web.authentication.www.BasicAuthenticationFilter@33bd9ac3, org.springframework.security.web.savedrequest.RequestCacheAwareFilter@3516f436, org.springframework.security.web.servletapi.SecurityContextHolderAwareRequestFilter@5ac53209, org.springframework.security.web.authentication.AnonymousAuthenticationFilter@12dc702b, org.springframework.security.web.session.SessionManagementFilter@5c7a06ec, org.springframework.security.web.access.ExceptionTranslationFilter@1d432d56, org.springframework.security.web.access.intercept.FilterSecurityInterceptor@3c4e23be]
2018-04-28 11:25:29.833  INFO [proveedores,,,] 2756 --- [main] o.s.s.c.ThreadPoolTaskScheduler          : Initializing ExecutorService 
2018-04-28 11:25:29.956  WARN [proveedores,,,] 2756 --- [main] arterDeprecationWarningAutoConfiguration : spring-cloud-starter-eureka is deprecated as of Spring Cloud Netflix 1.4.0, please migrate to spring-cloud-starter-netflix-eureka
2018-04-28 11:25:30.420  INFO [proveedores,,,] 2756 --- [main] o.s.j.e.a.AnnotationMBeanExporter        : Registering beans for JMX exposure on startup
2018-04-28 11:25:30.445  INFO [proveedores,,,] 2756 --- [main] o.s.j.e.a.AnnotationMBeanExporter        : Bean with name 'environmentManager' has been autodetected for JMX exposure
2018-04-28 11:25:30.449  INFO [proveedores,,,] 2756 --- [main] o.s.j.e.a.AnnotationMBeanExporter        : Bean with name 'configurationPropertiesRebinder' has been autodetected for JMX exposure
2018-04-28 11:25:30.452  INFO [proveedores,,,] 2756 --- [main] o.s.j.e.a.AnnotationMBeanExporter        : Bean with name 'refreshScope' has been autodetected for JMX exposure
2018-04-28 11:25:30.458  INFO [proveedores,,,] 2756 --- [main] o.s.j.e.a.AnnotationMBeanExporter        : Located managed bean 'environmentManager': registering with JMX server as MBean [org.springframework.cloud.context.environment:name=environmentManager,type=EnvironmentManager]
2018-04-28 11:25:30.483  INFO [proveedores,,,] 2756 --- [main] o.s.j.e.a.AnnotationMBeanExporter        : Located managed bean 'refreshScope': registering with JMX server as MBean [org.springframework.cloud.context.scope.refresh:name=refreshScope,type=RefreshScope]
2018-04-28 11:25:30.510  INFO [proveedores,,,] 2756 --- [main] o.s.j.e.a.AnnotationMBeanExporter        : Located managed bean 'configurationPropertiesRebinder': registering with JMX server as MBean [org.springframework.cloud.context.properties:name=configurationPropertiesRebinder,context=87abc48,type=ConfigurationPropertiesRebinder]
2018-04-28 11:25:30.902  INFO [proveedores,,,] 2756 --- [main] o.s.c.support.DefaultLifecycleProcessor  : Starting beans in phase 0
2018-04-28 11:25:30.918  INFO [proveedores,,,] 2756 --- [main] o.s.c.n.eureka.InstanceInfoFactory       : Setting initial instance status as: STARTING
2018-04-28 11:25:31.007  INFO [proveedores,,,] 2756 --- [main] com.netflix.discovery.DiscoveryClient    : Initializing Eureka in region us-east-1
2018-04-28 11:25:31.311  INFO [proveedores,,,] 2756 --- [main] c.n.d.provider.DiscoveryJerseyProvider   : Using JSON encoding codec LegacyJacksonJson
2018-04-28 11:25:31.312  INFO [proveedores,,,] 2756 --- [main] c.n.d.provider.DiscoveryJerseyProvider   : Using JSON decoding codec LegacyJacksonJson
2018-04-28 11:25:31.546  INFO [proveedores,,,] 2756 --- [main] c.n.d.provider.DiscoveryJerseyProvider   : Using XML encoding codec XStreamXml
2018-04-28 11:25:31.546  INFO [proveedores,,,] 2756 --- [main] c.n.d.provider.DiscoveryJerseyProvider   : Using XML decoding codec XStreamXml
2018-04-28 11:25:32.144  INFO [proveedores,,,] 2756 --- [main] c.n.d.s.r.aws.ConfigClusterResolver      : Resolving eureka endpoints via configuration
2018-04-28 11:25:32.190  INFO [proveedores,,,] 2756 --- [main] com.netflix.discovery.DiscoveryClient    : Disable delta property : false
2018-04-28 11:25:32.191  INFO [proveedores,,,] 2756 --- [main] com.netflix.discovery.DiscoveryClient    : Single vip registry refresh property : null
2018-04-28 11:25:32.191  INFO [proveedores,,,] 2756 --- [main] com.netflix.discovery.DiscoveryClient    : Force full registry fetch : false
2018-04-28 11:25:32.192  INFO [proveedores,,,] 2756 --- [main] com.netflix.discovery.DiscoveryClient    : Application is null : false
2018-04-28 11:25:32.195  INFO [proveedores,,,] 2756 --- [main] com.netflix.discovery.DiscoveryClient    : Registered Applications size is zero : true
2018-04-28 11:25:32.195  INFO [proveedores,,,] 2756 --- [main] com.netflix.discovery.DiscoveryClient    : Application version is -1: true
2018-04-28 11:25:32.195  INFO [proveedores,,,] 2756 --- [main] com.netflix.discovery.DiscoveryClient    : Getting all instance registry info from the eureka server
2018-04-28 11:25:32.454  INFO [proveedores,,,] 2756 --- [main] com.netflix.discovery.DiscoveryClient    : The response status is 200
2018-04-28 11:25:32.457  INFO [proveedores,,,] 2756 --- [main] com.netflix.discovery.DiscoveryClient    : Starting heartbeat executor: renew interval is: 30
2018-04-28 11:25:32.462  INFO [proveedores,,,] 2756 --- [main] c.n.discovery.InstanceInfoReplicator     : InstanceInfoReplicator onDemand update allowed rate per min is 4
2018-04-28 11:25:32.473  INFO [proveedores,,,] 2756 --- [main] com.netflix.discovery.DiscoveryClient    : Discovery Client initialized at timestamp 1524929132472 with initial instances count: 1
2018-04-28 11:25:32.500  INFO [proveedores,,,] 2756 --- [main] o.s.c.n.e.s.EurekaServiceRegistry        : Registering application proveedores with eureka with status UP
2018-04-28 11:25:32.502  INFO [proveedores,,,] 2756 --- [main] com.netflix.discovery.DiscoveryClient    : Saw local status change event StatusChangeEvent [timestamp=1524929132502, current=UP, previous=STARTING]
2018-04-28 11:25:32.505  INFO [proveedores,,,] 2756 --- [main] o.s.c.support.DefaultLifecycleProcessor  : Starting beans in phase 2147483647
2018-04-28 11:25:32.506  INFO [proveedores,,,] 2756 --- [main] d.s.w.p.DocumentationPluginsBootstrapper : Context refreshed
2018-04-28 11:25:32.508  INFO [proveedores,,,] 2756 --- [DiscoveryClient-InstanceInfoReplicator-0] com.netflix.discovery.DiscoveryClient    : DiscoveryClient_PROVEEDORES/proveedores:9398: registering service...
2018-04-28 11:25:32.576  INFO [proveedores,,,] 2756 --- [main] d.s.w.p.DocumentationPluginsBootstrapper : Found 1 custom documentation plugin(s)
2018-04-28 11:25:32.623  INFO [proveedores,,,] 2756 --- [DiscoveryClient-InstanceInfoReplicator-0] com.netflix.discovery.DiscoveryClient    : DiscoveryClient_PROVEEDORES/proveedores:9398 - registration status: 204
2018-04-28 11:25:32.706  INFO [proveedores,,,] 2756 --- [main] s.d.s.w.s.ApiListingReferenceScanner     : Scanning for api listing references
2018-04-28 11:25:33.169  INFO [proveedores,,,] 2756 --- [main] s.b.c.e.t.TomcatEmbeddedServletContainer : Tomcat started on port(s): 9398 (http)
2018-04-28 11:25:33.175  INFO [proveedores,,,] 2756 --- [main] .s.c.n.e.s.EurekaAutoServiceRegistration : Updating port to 9398
2018-04-28 11:25:33.186  INFO [proveedores,,,] 2756 --- [main] p.c.l.p.ProveedoresLacasolanaApplication : Started ProveedoresLacasolanaApplication in 24.328 seconds (JVM running for 25.374)
2018-04-28 11:30:32.199  INFO [proveedores,,,] 2756 --- [AsyncResolver-bootstrap-executor-0] c.n.d.s.r.aws.ConfigClusterResolver      : Resolving eureka endpoints via configuration
2018-04-28 11:35:32.201  INFO [proveedores,,,] 2756 --- [AsyncResolver-bootstrap-executor-0] c.n.d.s.r.aws.ConfigClusterResolver      : Resolving eureka endpoints via configuration
2018-04-28 11:40:32.202  INFO [proveedores,,,] 2756 --- [AsyncResolver-bootstrap-executor-0] c.n.d.s.r.aws.ConfigClusterResolver      : Resolving eureka endpoints via configuration
2018-04-28 11:45:32.203  INFO [proveedores,,,] 2756 --- [AsyncResolver-bootstrap-executor-0] c.n.d.s.r.aws.ConfigClusterResolver      : Resolving eureka endpoints via configuration
